---------------No. 1----------------
-1
---------------No. 2----------------
-1
---------------No. 3----------------
-1
---------------No. 4----------------
-1
---------------No. 5----------------
-1
---------------No. 6----------------
-1
---------------No. 7----------------
-1
---------------No. 8----------------
-1
---------------No. 9----------------
0
---------------No. 10----------------
-1
---------------No. 11----------------
-1
---------------No. 12----------------
-1
---------------No. 13----------------
-1
---------------No. 14----------------
0
---------------No. 15----------------
Vigna 红豆 the.manufacturing@middle.class 1
---------------No. 16----------------
-1
---------------No. 17----------------
-1
---------------No. 18----------------
-1
---------------No. 19----------------
Skadi 斯卡 slaves.in.the@Middle.Ages 2
---------------No. 20----------------
Shamare 巫恋 rising.Even@manufacture.no 1
---------------No. 21----------------
-1
---------------No. 22----------------
-1
---------------No. 23----------------
-1
---------------No. 24----------------
Bibeak 柏喙 into.the.background@every.clas 1
---------------No. 25----------------
-1
---------------No. 26----------------
Ifrit 伊芙利特 one.another@carried.on 2
---------------No. 27----------------
-1
---------------No. 28----------------
0
---------------No. 29----------------
-1
---------------No. 30----------------
ProjeKTRed 红红 everywhere@a.complicated 1
---------------No. 31----------------
Yato 夜刀 meet.this.nursery@tale.of 3
---------------No. 32----------------
0
---------------No. 33----------------
-1
---------------No. 34----------------
0
---------------No. 35----------------
-1
---------------No. 36----------------
-1
---------------No. 37----------------
-1
---------------No. 38----------------
Weedy 温蒂 development@The.feudal 2
---------------No. 39----------------
-1
---------------No. 40----------------
0
---------------No. 41----------------
-1
---------------No. 42----------------
0
---------------No. 43----------------
Ambriel 安比尔 millionaires@the.leaders 1
---------------No. 44----------------
Cuora 蛇屠箱 trade.with@the.colonies 1
---------------No. 45----------------
ProjeKTRed 红红 everywhere@a.complicated 1
---------------No. 46----------------
-1
---------------No. 47----------------
-1
---------------No. 48----------------
Mostima 莫斯提马 of.the.earliest@towns.From 2
---------------No. 49----------------
Scavenger 清道夫 division.of@labour.between 1
---------------No. 50----------------
-1
---------------No. 51----------------
-1
---------------No. 52----------------
Specter 幽灵鲨 and.plebeian@lord.and 1
---------------No. 53----------------
Blaze 煌煌 of.a.series@of.revolutions 4
---------------No. 54----------------
-1
---------------No. 55----------------
0
---------------No. 56----------------
Purestream 清流 party.itself@To.this 1
---------------No. 57----------------
-1
---------------No. 58----------------
0
---------------No. 59----------------
Sesa 慑砂 This.market@has.given 1
---------------No. 60----------------
Siege 推进之王 monopolised@by.closed 1
---------------No. 61----------------
Myrtle 桃金娘 in.proportion@as.industry 1
---------------No. 62----------------
-1
---------------No. 63----------------
Hung 吽吽 itself.a.Power@II.It 1
---------------No. 64----------------
Conviction 断罪 vanished.in@the.face 2
---------------No. 65----------------
Nearl 临光 history.we@find.almost 1
---------------No. 66----------------
Provence 普罗旺 face.of.the@whole.world 1
---------------No. 67----------------
-1
---------------No. 68----------------
-1
---------------No. 69----------------
-1
---------------No. 70----------------
0
---------------No. 71----------------
0
---------------No. 72----------------
-1
---------------No. 73----------------
-1
---------------No. 74----------------
Vermeil 红云 production@The.place 1
---------------No. 75----------------
0
---------------No. 76----------------
Firewatch 守林人 opponents.in@power.Where 2
---------------No. 77----------------
0
---------------No. 78----------------
-1
---------------No. 79----------------
Matoimaru 缠丸 in.the.same@proportion.the 1
---------------No. 80----------------
-1
---------------No. 81----------------
0
---------------No. 82----------------
Sussurro 苏苏 to.industry@an.impulse 2
---------------No. 83----------------
Myrtle 桃金娘 in.proportion@as.industry 1
---------------No. 84----------------
Sussurro 苏苏 to.industry@an.impulse 2
---------------No. 85----------------
Schwarz 黑黑 of.manufacture@was.taken 1
---------------No. 86----------------
0
---------------No. 87----------------
0
---------------No. 88----------------
-1
---------------No. 89----------------
-1
---------------No. 90----------------
-1
---------------No. 91----------------
Bibeak 柏喙 into.the.background@every.clas 1
---------------No. 92----------------
Steward 史都华德 society.at@large.or 1
---------------No. 93----------------
-1
---------------No. 94----------------
Glaucus 格劳克斯 the.increase@in.the 2
---------------No. 95----------------
-1
---------------No. 96----------------
-1
---------------No. 97----------------
Cardigan 卡缇 the.markets@kept.ever 1
---------------No. 98----------------
Gitano 远山 sprang.the@chartered.burghers 1
---------------No. 99----------------
0
---------------No. 100----------------
Catapult 空爆 two.great.hostile@camps.into 1
---------------No. 101----------------
0
---------------No. 102----------------
0
---------------No. 103----------------
6744800
---------------No. 104----------------
-1
---------------No. 105----------------
7428184
---------------No. 106----------------
-1
---------------No. 107----------------
1
whatyouwanted 山东省莱州市 07-15 10:08 -> 江西省高安市 07-15 17:46 1248 30519
---------------No. 108----------------
Bison 拜松 classes.again@subordinate.grad 1
---------------No. 109----------------
1
puzzletheNewWorld 黑龙江省尚志市 07-10 20:11 -> 四川省绵竹市 07-11 14:44 913 47885
---------------No. 110----------------
Haze 夜烟 result.from@this.fact 1
---------------No. 111----------------
-1
---------------No. 112----------------
-1
---------------No. 113----------------
-1
---------------No. 114----------------
0
---------------No. 115----------------
Orchid 梓兰 and.of.exchange@Each.step 1
---------------No. 116----------------
Glaucus 格劳克斯 the.increase@in.the 2
---------------No. 117----------------
-1
---------------No. 118----------------
-1
---------------No. 119----------------
4981980
---------------No. 120----------------
-1
---------------No. 121----------------
7379775
---------------No. 122----------------
1
puzzletheNewWorld 湖南省岳阳市 07-20 17:01 -> 河南省登封市 07-21 09:52 1040 47885
---------------No. 123----------------
1
LeavesofGrass 宁夏石嘴山市 07-06 19:25 -> 新疆伊宁市 07-07 08:52 1855 8018
---------------No. 124----------------
1
puzzletheNewWorld 辽宁省辽阳市 07-04 13:05 -> 四川省绵竹市 07-05 14:44 1718 47885
---------------No. 125----------------
1
whatyouwanted 山东省莱州市 08-04 10:08 -> 广东省高州市 08-04 10:58 176 30519
---------------No. 126----------------
1
LeavesofGrass 浙江省平湖市 07-21 08:59 -> 宁夏石嘴山市 07-21 19:18 1781 93617
---------------No. 127----------------
1
LeavesofGrass 宁夏石嘴山市 06-28 19:25 -> 新疆伊宁市 06-29 08:52 1855 8355
---------------No. 128----------------
15418256
---------------No. 129----------------
-1
---------------No. 130----------------
0
---------------No. 131----------------
1
puzzletheNewWorld 黑龙江省尚志市 06-20 20:11 -> 四川省绵竹市 06-21 14:44 913 47885
---------------No. 132----------------
5014132
---------------No. 133----------------
3908970
---------------No. 134----------------
1
whatyouwanted 福建省建阳市 07-22 00:03 -> 湖北省松滋市 07-22 21:35 3707 30519
---------------No. 135----------------
1
whatyouwanted 安徽省阜阳市 07-14 08:24 -> 山东省莱州市 07-14 10:04 486 30519
---------------No. 136----------------
11156300
---------------No. 137----------------
1
puzzletheNewWorld 湖南省岳阳市 07-23 17:01 -> 北京市 07-24 02:45 585 47885
---------------No. 138----------------
-1
---------------No. 139----------------
5452128
---------------No. 140----------------
9339450
---------------No. 141----------------
queue
---------------No. 142----------------
10913488
---------------No. 143----------------
1
LeavesofGrass 河南省灵宝市 07-11 23:45 -> 浙江省慈溪市 07-12 09:48 1011 41253
---------------No. 144----------------
Matterhorn 角峰 an.immense@development.to 1
---------------No. 145----------------
1
whatyouwanted 山东省乳山市 07-28 04:53 -> 广东省揭阳市 07-28 06:33 468 30519
---------------No. 146----------------
0
---------------No. 147----------------
1
whatyouwanted 山东省乳山市 08-09 04:53 -> 新疆阿克苏市 08-09 15:55 1916 30519
---------------No. 148----------------
-1
---------------No. 149----------------
1
[success] LeavesofGrass 新疆塔城市 07-14 07:38 -> 河北省河间市 07-14 18:01 1851 23933
---------------No. 150----------------
25960075
---------------No. 151----------------
1
AndtodefineAmeric 河南省周口市 07-18 06:54 -> 湖南省吉首市 07-18 11:01 601 80198
---------------No. 152----------------
2454642
---------------No. 153----------------
0
---------------No. 154----------------
-1
---------------No. 155----------------
21493981
---------------No. 156----------------
-1
---------------No. 157----------------
Ansel 安赛尔 now.open.fight@a.fight 2
---------------No. 158----------------
1
puzzletheNewWorld 湖南省岳阳市 07-12 17:01 -> 四川省绵竹市 07-13 14:44 1339 47885
---------------No. 159----------------
Hibiscus 芙蓉 Communistic@by.its 1
---------------No. 160----------------
248248
---------------No. 161----------------
Earthspirit 地灵 I.Communism@is.already 3
---------------No. 162----------------
1
LeavesofGrass 新疆塔城市 08-04 07:38 -> 湖南省衡阳市 08-04 16:17 1338 76234
---------------No. 163----------------
1
AndtodefineAmeric 辽宁省朝阳市 08-01 18:50 -> 吉林省榆树市 08-02 03:30 647 80198
---------------No. 164----------------
2782512
---------------No. 165----------------
Exusiai 能天使 of.America@the.rounding 1
---------------No. 166----------------
1
AndtodefineAmeric 北京市 07-01 22:48 -> 湖北省黄冈市 07-02 01:07 50 80198
---------------No. 167----------------
68469600
---------------No. 168----------------
1
INSCRIPTIONS 黑龙江省五大连池市 08-06 19:22 -> 广东省高要市 08-06 21:36 292 47554
---------------No. 169----------------
5201443
---------------No. 170----------------
Leizi 惊蛰 this.spectre@Pope.and 1
---------------No. 171----------------
-1
---------------No. 172----------------
-1
---------------No. 173----------------
Beagle 米格 Europethe.spectre@of.Communism 4
---------------No. 174----------------
1
whatyouwanted 甘肃省兰州市 07-28 21:27 -> 新疆阿克苏市 07-29 15:55 2657 30519
---------------No. 175----------------
1
IHEARDthatyouask 天津市 07-12 06:35 -> 四川省彭州市 07-12 23:13 249 72823
---------------No. 176----------------
13
[success] INSCRIPTIONS 湖北省枣阳市 07-11 12:03 -> 新疆米泉市 07-11 14:38 162 17176
[success] LeavesofGrass 陕西省安康市 07-22 17:25 -> 河南省偃师市 07-23 03:28 1506 3718
[success] puzzletheNewWorld 湖南省岳阳市 06-30 17:01 -> 黑龙江省尚志市 06-30 20:04 426 1454
[pending] LeavesofGrass 浙江省杭州市 07-13 11:52 -> 河南省偃师市 07-14 03:28 2641 11233
[success] LeavesofGrass 福建省建阳市 07-24 21:19 -> 浙江省慈溪市 07-25 09:48 1525 10455
[success] LeavesofGrass 广东省四会市 07-06 15:39 -> 河南省偃师市 07-07 03:28 2234 14906
[success] INSCRIPTIONS 贵州省清镇市 08-06 16:24 -> 新疆米泉市 08-07 14:38 1879 5641
[success] INSCRIPTIONS 黑龙江省五大连池市 06-17 19:22 -> 湖北省枣阳市 06-18 11:59 1544 8923
[success] LeavesofGrass 河南省灵宝市 07-15 23:45 -> 广东省花都市 07-16 01:39 114 2769
[success] LeavesofGrass 广东省四会市 07-12 15:39 -> 新疆博乐市 07-13 06:04 2427 9684
[pending] LeavesofGrass 湖南省衡阳市 07-14 16:20 -> 新疆博乐市 07-15 06:04 2187 24112
[success] INSCRIPTIONS 广东省惠阳市 07-13 01:41 -> 湖北省枣阳市 07-13 11:59 1099 9374
[success] INSCRIPTIONS 黑龙江省五大连池市 06-18 19:22 -> 江苏省扬州市 06-19 08:14 1056 8250
---------------No. 177----------------
-1
---------------No. 178----------------
1
LeavesofGrass 广东省花都市 07-19 01:43 -> 浙江省慈溪市 07-19 09:48 897 90620
---------------No. 179----------------
7200440
---------------No. 180----------------
34227333
---------------No. 181----------------
Rope 暗索 pushed.on.one@side.by 1
---------------No. 182----------------
Matterhorn 角峰 an.immense@development.to 1
---------------No. 183----------------
-1
---------------No. 184----------------
1
IHEARDthatyouask 新疆吐鲁番市 07-23 05:55 -> 天津市 07-23 06:30 496 80974
---------------No. 185----------------
4152457
---------------No. 186----------------
Reed 苇草 has.established@the.worldmarke 2
---------------No. 187----------------
-1
---------------No. 188----------------
Firewatch 守林人 opponents.in@power.Where 2
---------------No. 189----------------
-1
---------------No. 190----------------
-1
---------------No. 191----------------
-1
---------------No. 192----------------
1
AndtodefineAmeric 天津市 06-29 08:57 -> 山西省榆次市 06-29 16:11 1942 80198
---------------No. 193----------------
6462400
---------------No. 194----------------
Pramanix 初雪 means.of.exchange@and.in 1
---------------No. 195----------------
1
LeavesofGrass 福建省建阳市 07-20 21:19 -> 新疆博乐市 07-21 06:04 1053 31829
---------------No. 196----------------
1936116
---------------No. 197----------------
9796530
---------------No. 198----------------
0
---------------No. 199----------------
3551451
---------------No. 200----------------
1
LeavesofGrass 辽宁省抚顺市 07-29 14:24 -> 福建省建阳市 07-29 21:14 1379 2735
---------------No. 201----------------
1
whatyouwanted 广东省高州市 07-22 11:08 -> 吉林省四平市 07-22 18:18 1489 30519
---------------No. 202----------------
1
puzzletheNewWorld 河南省登封市 07-03 09:56 -> 四川省绵竹市 07-03 14:44 299 47885
---------------No. 203----------------
Sora 空空 have.patricians@knights.plebei 1
---------------No. 204----------------
947760
---------------No. 205----------------
queue
---------------No. 206----------------
Bibeak 柏喙 in.the.development@of.the 1
---------------No. 207----------------
0
---------------No. 208----------------
Breeze 微风 America.paved@the.way 1
---------------No. 209----------------
-1
---------------No. 210----------------
-1
---------------No. 211----------------
-1
---------------No. 212----------------
1
puzzletheNewWorld 北京市 08-09 02:54 -> 河南省登封市 08-09 09:52 455 47885
---------------No. 213----------------
14763665
---------------No. 214----------------
1
INSCRIPTIONS 黑龙江省五大连池市 08-03 19:22 -> 广东省高要市 08-03 21:36 292 53166
---------------No. 215----------------
-1
---------------No. 216----------------
1
INSCRIPTIONS 黑龙江省五大连池市 06-25 19:22 -> 湖北省枣阳市 06-26 11:59 1544 56817
---------------No. 217----------------
Hellagur 赫拉格 The.manufacturing@system.took 1
---------------No. 218----------------
1
LeavesofGrass 河南省灵宝市 07-05 23:45 -> 浙江省慈溪市 07-06 09:48 1011 50544
---------------No. 219----------------
1
LeavesofGrass 宁夏石嘴山市 06-29 19:25 -> 河南省灵宝市 06-29 23:39 914 21712
---------------No. 220----------------
1
INSCRIPTIONS 广东省高要市 08-07 21:40 -> 广东省惠阳市 08-08 01:32 153 56762
---------------No. 221----------------
queue
---------------No. 222----------------
1
INSCRIPTIONS 贵州省清镇市 07-23 16:24 -> 新疆米泉市 07-24 14:38 1879 58536
---------------No. 223----------------
1
LeavesofGrass 黑龙江省海林市 07-20 22:56 -> 河南省偃师市 07-21 03:28 846 31829
---------------No. 224----------------
Lava 炎熔 modern.bourgeois@Modern.indust 1
---------------No. 225----------------
Scavenger 清道夫 division.of@labour.between 1
---------------No. 226----------------
1
IHEARDthatyouask 天津市 07-15 06:35 -> 广东省云浮市 07-15 18:52 229 80293
---------------No. 227----------------
1
puzzletheNewWorld 北京市 06-12 02:54 -> 河南省登封市 06-12 09:52 455 47885
---------------No. 228----------------
5782942
---------------No. 229----------------
-1
---------------No. 230----------------
1
puzzletheNewWorld 湖南省岳阳市 07-17 17:01 -> 河南省登封市 07-18 09:52 1040 47885
---------------No. 231----------------
1
IHEARDthatyouask 广东省云浮市 08-04 19:00 -> 四川省彭州市 08-04 23:13 20 87991
---------------No. 232----------------
1
IHEARDthatyouask 新疆吐鲁番市 07-20 05:55 -> 广东省云浮市 07-20 18:52 725 91153
---------------No. 233----------------
1
INSCRIPTIONS 广东省高要市 08-01 21:40 -> 广东省惠阳市 08-02 01:32 153 60484
---------------No. 234----------------
1
AndtodefineAmeric 山西省榆次市 08-26 16:15 -> 河南省周口市 08-27 06:51 1082 80198
---------------No. 235----------------
1
whatyouwanted 广东省揭阳市 07-13 06:37 -> 山东省莱州市 07-13 10:04 692 30519
---------------No. 236----------------
1
whatyouwanted 辽宁省盖州市 07-08 20:30 -> 湖北省利川市 07-08 22:24 503 30519
---------------No. 237----------------
Ethan 伊桑 acknowledged@by.all 3
---------------No. 238----------------
251620
---------------No. 239----------------
-1
---------------No. 240----------------
1128400
---------------No. 241----------------
-1
---------------No. 242----------------
1
IHEARDthatyouask 新疆吐鲁番市 07-14 05:55 -> 广东省云浮市 07-14 18:52 725 78448
---------------No. 243----------------
Courier 讯使 publish.their@views.their 1
---------------No. 244----------------
-1
---------------No. 245----------------
1
INSCRIPTIONS 广东省高要市 08-06 21:40 -> 新疆米泉市 08-07 14:38 1414 47554
---------------No. 246----------------
13369000
---------------No. 247----------------
-1
---------------No. 248----------------
1
puzzletheNewWorld 辽宁省辽阳市 06-27 13:05 -> 河南省登封市 06-28 09:52 1419 47885
---------------No. 249----------------
Warfarin 华法琳 the.different@corporate.guilds 1
---------------No. 250----------------
-1
---------------No. 251----------------
5134941
---------------No. 252----------------
1
AndtodefineAmeric 山东省高密市 07-09 13:02 -> 湖北省黄冈市 07-10 01:07 1500 80198
---------------No. 253----------------
Nian 年年 wants.of.the@new.markets 1
---------------No. 254----------------
12334078
---------------No. 255----------------
-1
---------------No. 256----------------
Cuora 蛇屠箱 trade.with@the.colonies 1
---------------No. 257----------------
1
AndtodefineAmeric 北京市 07-23 22:48 -> 湖南省吉首市 07-24 11:01 1042 80198
---------------No. 258----------------
-1
---------------No. 259----------------
Lappland 拉普兰德 manifold.gradation@of.social 1
---------------No. 260----------------
1
IHEARDthatyouask 天津市 07-28 06:35 -> 四川省彭州市 07-28 23:13 249 75790
---------------No. 261----------------
1121120
---------------No. 262----------------
1
INSCRIPTIONS 贵州省清镇市 08-01 16:24 -> 湖北省枣阳市 08-02 11:59 1717 60484
---------------No. 263----------------
-1
---------------No. 264----------------
2132190
---------------No. 265----------------
Warfarin 华法琳 the.different@corporate.guilds 1
---------------No. 266----------------
1
IHEARDthatyouask 广东省云浮市 07-14 19:00 -> 四川省彭州市 07-14 23:13 20 78448
---------------No. 267----------------
Angelina 安洁莉 two.great.classes@directly.fac 1
---------------No. 268----------------
1
puzzletheNewWorld 辽宁省辽阳市 08-04 13:05 -> 黑龙江省尚志市 08-04 20:04 805 47885
---------------No. 269----------------
9731800
---------------No. 270----------------
801560
---------------No. 271----------------
8584938
---------------No. 272----------------
1
IHEARDthatyouask 天津市 07-18 06:35 -> 广东省云浮市 07-18 18:52 229 82374
---------------No. 273----------------
0
---------------No. 274----------------
Matoimaru 缠丸 in.the.same@proportion.the 1
---------------No. 275----------------
1
IHEARDthatyouask 新疆吐鲁番市 07-31 05:55 -> 广东省云浮市 07-31 18:52 725 71921
---------------No. 276----------------
-1
---------------No. 277----------------
-1
---------------No. 278----------------
1
whatyouwanted 辽宁省盖州市 07-08 20:30 -> 北京市 07-09 02:07 1076 30519
---------------No. 279----------------
0
---------------No. 280----------------
Meteorite 陨星 bourgeoisie@was.accompanied 3
---------------No. 281----------------
Chen 陈陈 into.various@orders.a 2
---------------No. 282----------------
0
---------------No. 283----------------
0
---------------No. 284----------------
-1
---------------No. 285----------------
-1
---------------No. 286----------------
1
whatyouwanted 北京市 07-24 02:12 -> 湖北省松滋市 07-24 21:35 3269 30519
---------------No. 287----------------
33940
---------------No. 288----------------
0
---------------No. 289----------------
18414000
---------------No. 290----------------
0
---------------No. 291----------------
11072704
---------------No. 292----------------
1
whatyouwanted 河南省洛阳市 07-13 13:03 -> 新疆阿克苏市 07-13 15:55 417 30519
---------------No. 293----------------
-1
---------------No. 294----------------
1
AndtodefineAmeric 广东省高明市 07-16 13:35 -> 吉林省榆树市 07-17 03:30 1427 80198
---------------No. 295----------------
1
LeavesofGrass 辽宁省抚顺市 07-03 14:24 -> 黑龙江省海林市 07-03 22:46 1393 11396
---------------No. 296----------------
1
IHEARDthatyouask 新疆吐鲁番市 07-21 05:55 -> 广东省云浮市 07-21 18:52 725 70205
---------------No. 297----------------
1
LeavesofGrass 福建省建阳市 07-08 21:19 -> 河南省灵宝市 07-08 23:39 514 75785
---------------No. 298----------------
Rangers 巡林 arrangement@of.society 3
---------------No. 299----------------
Glaucus 格劳克斯 the.increase@in.the 2
---------------No. 300----------------
-1
---------------No. 301----------------
-1
---------------No. 302----------------
225885
---------------No. 303----------------
1
LeavesofGrass 湖南省衡阳市 07-28 16:20 -> 福建省建阳市 07-28 21:14 1134 5509
---------------No. 304----------------
9551943
---------------No. 305----------------
1
puzzletheNewWorld 辽宁省辽阳市 07-01 13:05 -> 北京市 07-02 02:45 964 47885
---------------No. 306----------------
-1
---------------No. 307----------------
0
---------------No. 308----------------
Lava 炎熔 modern.bourgeois@Modern.indust 1
---------------No. 309----------------
1
puzzletheNewWorld 辽宁省辽阳市 06-17 13:05 -> 四川省绵竹市 06-18 14:44 1718 47885
---------------No. 310----------------
1
puzzletheNewWorld 河南省登封市 06-15 09:56 -> 四川省绵竹市 06-15 14:44 299 47885
---------------No. 311----------------
6
[success] INSCRIPTIONS 黑龙江省五大连池市 07-17 19:22 -> 江苏省扬州市 07-18 08:14 1056 7832
[success] INSCRIPTIONS 广东省高要市 06-17 21:40 -> 北京市 06-18 06:40 564 1448
[success] LeavesofGrass 新疆塔城市 07-09 07:38 -> 浙江省杭州市 07-09 11:46 691 10367
[pending] LeavesofGrass 新疆塔城市 07-31 07:38 -> 浙江省慈溪市 08-01 09:48 3997 22374
[success] IHEARDthatyouask 新疆吐鲁番市 07-11 05:55 -> 四川省彭州市 07-11 23:13 745 19915
[success] LeavesofGrass 黑龙江省海林市 07-30 22:56 -> 广东省花都市 07-31 01:39 614 20787
---------------No. 312----------------
Shamare 巫恋 rising.Even@manufacture.no 1
---------------No. 313----------------
1
INSCRIPTIONS 云南省安宁市 07-22 20:50 -> 广东省惠阳市 07-23 01:32 289 70655
---------------No. 314----------------
1
INSCRIPTIONS 黑龙江省五大连池市 07-26 19:22 -> 广东省惠阳市 07-27 01:32 445 65676
---------------No. 315----------------
ProjeKTRed 红红 everywhere@a.complicated 1
---------------No. 316----------------
Meteorite 陨星 bourgeoisie@was.accompanied 3
---------------No. 317----------------
-1
---------------No. 318----------------
Schwarz 黑黑 of.manufacture@was.taken 1
---------------No. 319----------------
Executor 送葬人 history.of@all.hitherto 1
---------------No. 320----------------
Silence 赫默 stood.in.constant@opposition.t 1
---------------No. 321----------------
1338324
---------------No. 322----------------
1
IHEARDthatyouask 新疆吐鲁番市 07-30 05:55 -> 广东省云浮市 07-30 18:52 725 68880
---------------No. 323----------------
11
[success] INSCRIPTIONS 北京市 07-19 06:46 -> 江苏省扬州市 07-19 08:14 200 4776
[success] INSCRIPTIONS 贵州省清镇市 08-21 16:24 -> 江苏省扬州市 08-22 08:14 1229 12569
[success] INSCRIPTIONS 北京市 07-05 06:46 -> 湖北省枣阳市 07-05 11:59 688 1305
[success] INSCRIPTIONS 广东省高要市 08-10 21:40 -> 北京市 08-11 06:40 564 3889
[success] LeavesofGrass 广东省花都市 07-03 01:43 -> 新疆博乐市 07-03 06:04 425 8326
[success] LeavesofGrass 辽宁省抚顺市 07-13 14:24 -> 浙江省慈溪市 07-14 09:48 2904 16399
[success] LeavesofGrass 河北省河间市 07-27 18:11 -> 河南省偃师市 07-28 03:28 1481 13901
[success] LeavesofGrass 宁夏石嘴山市 07-29 19:25 -> 黑龙江省海林市 07-29 22:46 414 5204
[success] LeavesofGrass 浙江省杭州市 08-03 11:52 -> 宁夏石嘴山市 08-03 19:18 1381 21107
[success] LeavesofGrass 辽宁省抚顺市 07-06 14:24 -> 河北省河间市 07-06 18:01 758 8673
[success] LeavesofGrass 福建省建阳市 07-30 21:19 -> 黑龙江省海林市 07-30 22:46 14 2433
---------------No. 324----------------
Vermeil 红云 production@The.place 1
---------------No. 325----------------
1
LeavesofGrass 新疆伊宁市 07-13 08:57 -> 浙江省慈溪市 07-13 09:48 70 79931
---------------No. 326----------------
1
AndtodefineAmeric 山东省高密市 07-23 13:02 -> 江西省吉安市 07-23 21:09 1185 80198
---------------No. 327----------------
8317080
---------------No. 328----------------
1
IHEARDthatyouask 新疆吐鲁番市 07-23 05:55 -> 天津市 07-23 06:30 496 80974
---------------No. 329----------------
1
whatyouwanted 福建省建阳市 07-21 00:03 -> 湖北省松滋市 07-21 21:35 3707 30519
---------------No. 330----------------
8665200
---------------No. 331----------------
-1
---------------No. 332----------------
1
INSCRIPTIONS 广东省高要市 06-22 21:40 -> 湖北省枣阳市 06-23 11:59 1252 70655
---------------No. 333----------------
1
INSCRIPTIONS 广东省惠阳市 08-10 01:41 -> 江苏省扬州市 08-10 08:14 611 56479
---------------No. 334----------------
0
---------------No. 335----------------
1
LeavesofGrass 辽宁省抚顺市 07-31 14:24 -> 浙江省慈溪市 08-01 09:48 2904 4397
---------------No. 336----------------
1
AndtodefineAmeric 江苏省吴江市 08-07 17:00 -> 江西省南康市 08-08 05:58 769 80198
---------------No. 337----------------
20400
---------------No. 338----------------
-1
---------------No. 339----------------
-1
---------------No. 340----------------
3348840
---------------No. 341----------------
11729536
---------------No. 342----------------
-1
---------------No. 343----------------
1
whatyouwanted 福建省建阳市 07-28 00:03 -> 湖北省松滋市 07-28 21:35 3707 30519
---------------No. 344----------------
13342844
---------------No. 345----------------
Estelle 艾丝黛 Middle.Ages@We.see 3
---------------No. 346----------------
queue
---------------No. 347----------------
3901752
---------------No. 348----------------
1
LeavesofGrass 新疆塔城市 07-27 07:38 -> 河南省偃师市 07-28 03:28 3332 28381
---------------No. 349----------------
1
puzzletheNewWorld 北京市 08-05 02:54 -> 河南省登封市 08-05 09:52 455 47885
---------------No. 350----------------
900900
---------------No. 351----------------
1
LeavesofGrass 浙江省平湖市 07-20 08:59 -> 浙江省慈溪市 07-21 09:48 3706 21438
---------------No. 352----------------
Yato 夜刀 meet.this.nursery@tale.of 3
---------------No. 353----------------
Warfarin 华法琳 the.different@corporate.guilds 1
---------------No. 354----------------
0
---------------No. 355----------------
3858384
---------------No. 356----------------
-1
---------------No. 357----------------
-1
---------------No. 358----------------
1
AndtodefineAmeric 辽宁省朝阳市 06-21 18:50 -> 吉林省榆树市 06-22 03:30 647 80198
---------------No. 359----------------
-1
---------------No. 360----------------
Ptilopsis 白面鸮 this.distinctive@feature.it 2
---------------No. 361----------------
-1
---------------No. 362----------------
Firewatch 守林人 opponents.in@power.Where 2
---------------No. 363----------------
11172600
---------------No. 364----------------
1
whatyouwanted 河南省洛阳市 07-11 13:03 -> 吉林省四平市 07-11 18:18 1326 30519
---------------No. 365----------------
GreyThroat 灰喉 Freeman.and@slave.patrician 1
---------------No. 366----------------
1
INSCRIPTIONS 贵州省清镇市 08-07 16:24 -> 新疆米泉市 08-08 14:38 1879 55683
---------------No. 367----------------
-1
---------------No. 368----------------
Matterhorn 角峰 an.immense@development.to 1
---------------No. 369----------------
1
INSCRIPTIONS 贵州省清镇市 07-31 16:24 -> 广东省惠阳市 08-01 01:32 618 70655
---------------No. 370----------------
1
LeavesofGrass 辽宁省抚顺市 07-26 14:24 -> 新疆伊宁市 07-27 08:52 2834 27148
---------------No. 371----------------
Elysium 极境 has.simplified@the.class 3
---------------No. 372----------------
-1
---------------No. 373----------------
8621700
---------------No. 374----------------
18060224
---------------No. 375----------------
5299532
---------------No. 376----------------
8431150
---------------No. 377----------------
Ansel 安赛尔 now.open.fight@a.fight 2
---------------No. 378----------------
queue
---------------No. 379----------------
46963952
---------------No. 380----------------
Exusiai 能天使 of.America@the.rounding 1
---------------No. 381----------------
2070618
---------------No. 382----------------
-1
---------------No. 383----------------
0
---------------No. 384----------------
23942215
---------------No. 385----------------
-1
---------------No. 386----------------
1
INSCRIPTIONS 黑龙江省五大连池市 06-17 19:22 -> 湖北省枣阳市 06-18 11:59 1544 47268
---------------No. 387----------------
-1
---------------No. 388----------------
1
AndtodefineAmeric 江苏省吴江市 07-01 17:00 -> 湖南省吉首市 07-02 11:01 1543 74617
---------------No. 389----------------
1
LeavesofGrass 辽宁省抚顺市 07-27 14:24 -> 广东省花都市 07-28 01:39 2007 28381
---------------No. 390----------------
Nightingale 夜莺 of.that.class@An.oppressed 1
---------------No. 391----------------
-1
---------------No. 392----------------
-1
---------------No. 393----------------
1
IHEARDthatyouask 新疆吐鲁番市 07-19 05:55 -> 四川省彭州市 07-19 23:13 745 75765
---------------No. 394----------------
56574988
---------------No. 395----------------
-1
---------------No. 396----------------
Silence 赫默 stood.in.constant@opposition.t 1
---------------No. 397----------------
1
IHEARDthatyouask 天津市 07-17 06:35 -> 四川省彭州市 07-17 23:13 249 91153
---------------No. 398----------------
Ambriel 安比尔 millionaires@the.leaders 1
---------------No. 399----------------
-1
---------------No. 400----------------
Ethan 伊桑 acknowledged@by.all 3
---------------No. 401----------------
1
whatyouwanted 福建省建阳市 07-09 00:03 -> 广东省高州市 07-09 10:58 1870 30519
---------------No. 402----------------
-1
---------------No. 403----------------
Saria 塞雷娅 in.the.common@ruin.of 1
---------------No. 404----------------
1
puzzletheNewWorld 河南省登封市 06-22 09:56 -> 四川省绵竹市 06-22 14:44 299 47885
---------------No. 405----------------
SilverAsh 银灰 feudal.lords@vassals.guildmast 1
---------------No. 406----------------
1836126
---------------No. 407----------------
1
INSCRIPTIONS 江苏省扬州市 06-26 08:17 -> 湖北省枣阳市 06-26 11:59 488 59751
---------------No. 408----------------
1
AndtodefineAmeric 云南省保山市 06-21 09:33 -> 江西省吉安市 06-21 21:09 1918 80198
---------------No. 409----------------
41385536
---------------No. 410----------------
1
AndtodefineAmeric 山东省乐陵市 06-24 14:14 -> 吉林省榆树市 06-25 03:30 963 80198
---------------No. 411----------------
-1
---------------No. 412----------------
1
LeavesofGrass 浙江省平湖市 07-20 08:59 -> 福建省建阳市 07-20 21:14 2181 21438
---------------No. 413----------------
1
INSCRIPTIONS 贵州省清镇市 07-28 16:24 -> 云南省安宁市 07-28 20:42 329 62191
---------------No. 414----------------
-1
---------------No. 415----------------
queue
---------------No. 416----------------
Shaw 阿消 new.conditions@of.oppression 1
---------------No. 417----------------
8491320
---------------No. 418----------------
queue
---------------No. 419----------------
16135560
---------------No. 420----------------
568425
---------------No. 421----------------
4227522
---------------No. 422----------------
-1
---------------No. 423----------------
802287
---------------No. 424----------------
1
AndtodefineAmeric 天津市 08-24 08:57 -> 山东省高密市 08-24 12:55 1133 80198
---------------No. 425----------------
1
IHEARDthatyouask 新疆吐鲁番市 08-01 05:55 -> 天津市 08-01 06:30 496 59067
---------------No. 426----------------
1
IHEARDthatyouask 新疆吐鲁番市 08-02 05:55 -> 四川省彭州市 08-02 23:13 745 64160
---------------No. 427----------------
Skadi 斯卡 slaves.in.the@Middle.Ages 2
---------------No. 428----------------
1
LeavesofGrass 河北省河间市 07-10 18:11 -> 黑龙江省海林市 07-10 22:46 635 6034
---------------No. 429----------------
-1
---------------No. 430----------------
1
puzzletheNewWorld 河南省登封市 08-13 09:56 -> 四川省绵竹市 08-13 14:44 299 47885
---------------No. 431----------------
queue
---------------No. 432----------------
1
AndtodefineAmeric 云南省保山市 07-21 09:33 -> 河南省周口市 07-22 06:51 2624 80198
---------------No. 433----------------
16039175
---------------No. 434----------------
Purestream 清流 party.itself@To.this 1
---------------No. 435----------------
Bison 拜松 classes.again@subordinate.grad 1
---------------No. 436----------------
1
AndtodefineAmeric 天津市 07-10 08:57 -> 江苏省吴江市 07-10 16:50 2082 80198
---------------No. 437----------------
-1
---------------No. 438----------------
-1
---------------No. 439----------------
1
whatyouwanted 广东省揭阳市 08-06 06:37 -> 内蒙东胜市 08-06 20:46 2492 30519
---------------No. 440----------------
WaaiFu 槐琥 French.Radicals@and.German 2
---------------No. 441----------------
1
IHEARDthatyouask 天津市 07-09 06:35 -> 广东省云浮市 07-09 18:52 229 32053
---------------No. 442----------------
439939
---------------No. 443----------------
1
whatyouwanted 湖北省利川市 08-03 22:30 -> 广东省揭阳市 08-04 06:33 1137 23354
---------------No. 444----------------
1
AndtodefineAmeric 天津市 07-17 08:57 -> 湖南省吉首市 07-18 11:01 3625 80198
---------------No. 445----------------
10079884
---------------No. 446----------------
5068695
---------------No. 447----------------
5
[success] LeavesofGrass 陕西省安康市 07-11 17:25 -> 黑龙江省海林市 07-11 22:46 660 1436
[success] INSCRIPTIONS 广东省惠阳市 06-29 01:41 -> 北京市 06-29 06:40 411 8641
[success] LeavesofGrass 辽宁省抚顺市 07-23 14:24 -> 河南省灵宝市 07-23 23:39 1893 18081
[success] LeavesofGrass 广东省四会市 07-28 15:39 -> 陕西省安康市 07-28 17:15 728 341
[success] LeavesofGrass 宁夏石嘴山市 07-19 19:25 -> 福建省建阳市 07-19 21:14 400 16862
---------------No. 448----------------
2099994
---------------No. 449----------------
1
puzzletheNewWorld 黑龙江省尚志市 08-02 20:11 -> 北京市 08-03 02:45 159 47885
---------------No. 450----------------
1
whatyouwanted 北京市 07-22 02:12 -> 四川省华蓥市 07-22 09:33 789 30519
---------------No. 451----------------
Fang 芬芬 sufficed.for@the.growing 1
---------------No. 452----------------
10672
---------------No. 453----------------
1
IHEARDthatyouask 新疆吐鲁番市 07-17 05:55 -> 四川省彭州市 07-17 23:13 745 91153
---------------No. 454----------------
-1
---------------No. 455----------------
62160714
---------------No. 456----------------
1
whatyouwanted 山东省乳山市 07-07 04:53 -> 山东省莱州市 07-07 10:04 1160 30519
---------------No. 457----------------
Shining 闪灵 the.Spectre@of.Communism 2
---------------No. 458----------------
-1
---------------No. 459----------------
38882770
---------------No. 460----------------
29785470
---------------No. 461----------------
-1
---------------No. 462----------------
Ethan 伊桑 acknowledged@by.all 3
---------------No. 463----------------
1
AndtodefineAmeric 云南省保山市 07-01 09:33 -> 吉林省榆树市 07-02 03:30 2368 74617
---------------No. 464----------------
-1
---------------No. 465----------------
2316069
---------------No. 466----------------
1
puzzletheNewWorld 辽宁省辽阳市 08-13 13:05 -> 河南省登封市 08-14 09:52 1419 47885
---------------No. 467----------------
Istina 真理 commerce.navigation@railways.e 1
---------------No. 468----------------
3563042
---------------No. 469----------------
0
---------------No. 470----------------
-1
---------------No. 471----------------
3410512
---------------No. 472----------------
-1
---------------No. 473----------------
2205670
---------------No. 474----------------
1
whatyouwanted 安徽省阜阳市 07-29 08:24 -> 新疆阿克苏市 07-29 15:55 1242 30519
---------------No. 475----------------
13695738
---------------No. 476----------------
-1
---------------No. 477----------------
1
LeavesofGrass 河南省灵宝市 08-04 23:45 -> 新疆博乐市 08-05 06:04 539 55962
---------------No. 478----------------
1
puzzletheNewWorld 辽宁省辽阳市 07-13 13:05 -> 黑龙江省尚志市 07-13 20:04 805 47885
---------------No. 479----------------
-1
---------------No. 480----------------
-1
---------------No. 481----------------
1
puzzletheNewWorld 北京市 06-14 02:54 -> 河南省登封市 06-14 09:52 455 47885
---------------No. 482----------------
16251807
---------------No. 483----------------
1
whatyouwanted 安徽省阜阳市 07-17 08:24 -> 山东省莱州市 07-17 10:04 486 30519
---------------No. 484----------------
1929936
---------------No. 485----------------
10697232
---------------No. 486----------------
1
AndtodefineAmeric 辽宁省朝阳市 08-08 18:50 -> 湖北省黄冈市 08-09 01:07 512 80198
---------------No. 487----------------
1
whatyouwanted 甘肃省兰州市 07-05 21:27 -> 新疆阿克苏市 07-06 15:55 2657 30519
---------------No. 488----------------
0
---------------No. 489----------------
1
whatyouwanted 河南省洛阳市 08-07 13:03 -> 吉林省双辽市 08-07 14:29 66 30519
---------------No. 490----------------
7318629
---------------No. 491----------------
1
INSCRIPTIONS 贵州省清镇市 06-14 16:24 -> 云南省安宁市 06-14 20:42 329 54547
---------------No. 492----------------
1
LeavesofGrass 浙江省平湖市 07-31 08:59 -> 新疆博乐市 08-01 06:04 3234 4397
---------------No. 493----------------
2734550
---------------No. 494----------------
1
LeavesofGrass 辽宁省抚顺市 07-29 14:24 -> 新疆博乐市 07-30 06:04 2432 2735
---------------No. 495----------------
-1
---------------No. 496----------------
170404
---------------No. 497----------------
Orchid 梓兰 and.of.exchange@Each.step 1
---------------No. 498----------------
0
---------------No. 499----------------
5635784
---------------No. 500----------------
1
AndtodefineAmeric 天津市 08-25 08:57 -> 湖北省孝感市 08-26 09:22 3174 80198
---------------No. 501----------------
7940596
---------------No. 502----------------
1
AndtodefineAmeric 吉林省榆树市 07-23 03:33 -> 河南省周口市 07-23 06:51 256 80198
---------------No. 503----------------
-1
---------------No. 504----------------
35759020
---------------No. 505----------------
queue
---------------No. 506----------------
1
puzzletheNewWorld 辽宁省辽阳市 06-26 13:05 -> 四川省绵竹市 06-27 14:44 1718 47885
---------------No. 507----------------
Gitano 远山 sprang.the@chartered.burghers 1
---------------No. 508----------------
1
whatyouwanted 甘肃省兰州市 07-10 21:27 -> 河南省洛阳市 07-11 12:55 2240 30519
---------------No. 509----------------
1
whatyouwanted 辽宁省盖州市 08-09 20:30 -> 北京市 08-10 02:07 1076 30519
---------------No. 510----------------
Sideroca 铸铁 rising.bourgeoisie@The.EastInd 1
---------------No. 511----------------
GreyThroat 灰喉 Freeman.and@slave.patrician 1
---------------No. 512----------------
Blaze 煌煌 of.a.series@of.revolutions 4
---------------No. 513----------------
Vigna 红豆 the.manufacturing@middle.class 1
---------------No. 514----------------
Istina 真理 commerce.navigation@railways.e 1
---------------No. 515----------------
9
[success] LeavesofGrass 新疆塔城市 07-09 07:38 -> 宁夏石嘴山市 07-09 19:18 2072 22666
[success] whatyouwanted 山东省乳山市 07-31 04:53 -> 吉林省四平市 07-31 18:18 2825 3306
[success] INSCRIPTIONS 广东省高要市 07-19 21:40 -> 江苏省扬州市 07-20 08:14 764 6563
[success] INSCRIPTIONS 湖北省枣阳市 07-28 12:03 -> 新疆米泉市 07-28 14:38 162 2993
[pending] LeavesofGrass 新疆塔城市 07-11 07:38 -> 福建省建阳市 07-11 21:14 2472 8643
[success] INSCRIPTIONS 云南省安宁市 07-11 20:50 -> 广东省高要市 07-11 21:36 136 13108
[success] LeavesofGrass 河北省河间市 07-02 18:11 -> 广东省花都市 07-03 01:39 1249 16970
[success] LeavesofGrass 辽宁省抚顺市 07-15 14:24 -> 黑龙江省海林市 07-15 22:46 1393 995
[success] LeavesofGrass 辽宁省抚顺市 07-03 14:24 -> 宁夏石嘴山市 07-03 19:18 979 5907
---------------No. 516----------------
-1
---------------No. 517----------------
Vermeil 红云 production@The.place 1
---------------No. 518----------------
queue
---------------No. 519----------------
Spot 斑点 with.a.Manifesto@of.the 1
---------------No. 520----------------
3334500
---------------No. 521----------------
Estelle 艾丝黛 Middle.Ages@We.see 3
---------------No. 522----------------
6623438
---------------No. 523----------------
-1
---------------No. 524----------------
Texas 德克萨斯 of.whole.industrial@armies.the 1
---------------No. 525----------------
1
LeavesofGrass 浙江省平湖市 07-23 08:59 -> 浙江省杭州市 07-23 11:46 400 98306
---------------No. 526----------------
0
---------------No. 527----------------
queue
---------------No. 528----------------
1
IHEARDthatyouask 天津市 08-02 06:35 -> 广东省云浮市 08-02 18:52 229 64160
---------------No. 529----------------
Sora 空空 have.patricians@knights.plebei 1
---------------No. 530----------------
33801070
---------------No. 531----------------
841940
---------------No. 532----------------
515146
---------------No. 533----------------
21776876
---------------No. 534----------------
1
puzzletheNewWorld 黑龙江省尚志市 06-18 20:11 -> 河南省登封市 06-19 09:52 614 47885
---------------No. 535----------------
0
---------------No. 536----------------
1
whatyouwanted 甘肃省兰州市 07-29 21:27 -> 广东省揭阳市 07-30 06:33 1209 30519
---------------No. 537----------------
1
AndtodefineAmeric 山东省胶州市 08-26 12:18 -> 江西省吉安市 08-26 21:09 1451 80198
---------------No. 538----------------
1
puzzletheNewWorld 北京市 06-13 02:54 -> 四川省绵竹市 06-13 14:44 754 47885
---------------No. 539----------------
SilverAsh 银灰 feudal.lords@vassals.guildmast 1
---------------No. 540----------------
queue
---------------No. 541----------------
17038080
---------------No. 542----------------
-1
---------------No. 543----------------
7693
---------------No. 544----------------
-1
---------------No. 545----------------
Weedy 温蒂 development@The.feudal 2
---------------No. 546----------------
1
whatyouwanted 北京市 07-16 02:12 -> 内蒙东胜市 07-16 20:46 3056 30519
---------------No. 547----------------
5
[success] INSCRIPTIONS 广东省高要市 08-15 21:40 -> 江苏省扬州市 08-16 08:14 764 4012
[success] LeavesofGrass 浙江省杭州市 07-23 11:52 -> 河南省偃师市 07-24 03:28 2641 1580
[success] LeavesofGrass 浙江省平湖市 07-24 08:59 -> 新疆伊宁市 07-25 08:52 3636 6341
[success] LeavesofGrass 陕西省安康市 08-03 17:25 -> 福建省建阳市 08-03 21:14 646 12367
[success] LeavesofGrass 新疆塔城市 07-05 07:38 -> 新疆伊宁市 07-06 08:52 3927 16537
---------------No. 548----------------
4196196
---------------No. 549----------------
Pramanix 初雪 means.of.exchange@and.in 1
---------------No. 550----------------
1
LeavesofGrass 新疆塔城市 07-16 07:38 -> 广东省四会市 07-16 15:34 1098 61708
---------------No. 551----------------
1
INSCRIPTIONS 广东省高要市 07-13 21:40 -> 新疆米泉市 07-14 14:38 1414 55484
---------------No. 552----------------
673275
---------------No. 553----------------
11144400
---------------No. 554----------------
1
IHEARDthatyouask 天津市 07-21 06:35 -> 四川省彭州市 07-21 23:13 249 70205
---------------No. 555----------------
Phantom 傀影 not.done.away@with.class 1
---------------No. 556----------------
-1
---------------No. 557----------------
1532856
---------------No. 558----------------
0
---------------No. 559----------------
1
INSCRIPTIONS 贵州省清镇市 08-06 16:24 -> 广东省惠阳市 08-07 01:32 618 47554
---------------No. 560----------------
1
AndtodefineAmeric 吉林省图们市 06-18 10:50 -> 广东省高明市 06-18 13:28 567 80198
---------------No. 561----------------
0
---------------No. 562----------------
Yato 夜刀 meet.this.nursery@tale.of 3
---------------No. 563----------------
Breeze 微风 America.paved@the.way 1
---------------No. 564----------------
-1
---------------No. 565----------------
Beagle 米格 Europethe.spectre@of.Communism 4
---------------No. 566----------------
1
INSCRIPTIONS 黑龙江省五大连池市 06-28 19:22 -> 江苏省扬州市 06-29 08:14 1056 53237
---------------No. 567----------------
1
LeavesofGrass 陕西省安康市 06-30 17:25 -> 福建省建阳市 06-30 21:14 646 43008
---------------No. 568----------------
1
IHEARDthatyouask 新疆吐鲁番市 08-01 05:55 -> 天津市 08-01 06:30 496 59067
---------------No. 569----------------
0
---------------No. 570----------------
1
INSCRIPTIONS 北京市 07-19 06:46 -> 新疆米泉市 07-19 14:38 850 65879
---------------No. 571----------------
0
---------------No. 572----------------
queue
---------------No. 573----------------
2209150
---------------No. 574----------------
1585152
---------------No. 575----------------
-1
---------------No. 576----------------
Midnight 月见夜 longer.sufficed@Thereupon.stea 1
---------------No. 577----------------
queue
---------------No. 578----------------
1
IHEARDthatyouask 新疆吐鲁番市 08-04 05:55 -> 四川省彭州市 08-04 23:13 745 64941
---------------No. 579----------------
1
AndtodefineAmeric 江西省吉安市 08-05 21:19 -> 江西省南康市 08-06 05:58 533 80198
---------------No. 580----------------
3360422
---------------No. 581----------------
3172218
---------------No. 582----------------
1
TOTHEEOLDCAUSE 山东省聊城市 06-09 13:46 -> 安徽省桐城市 06-10 11:13 1900 33971
---------------No. 583----------------
25510155
---------------No. 584----------------
queue
---------------No. 585----------------
Myrtle 桃金娘 in.proportion@as.industry 1
---------------No. 586----------------
4657120
---------------No. 587----------------
0
---------------No. 588----------------
1
TOTHEEOLDCAUSE 山东省聊城市 07-29 13:46 -> 山东省滕州市 07-30 01:56 977 33971
---------------No. 589----------------
1
puzzletheNewWorld 辽宁省辽阳市 07-19 13:05 -> 北京市 07-20 02:45 964 47885
---------------No. 590----------------
Catapult 空爆 two.great.hostile@camps.into 1
---------------No. 591----------------
Executor 送葬人 history.of@all.hitherto 1
---------------No. 592----------------
1
puzzletheNewWorld 北京市 07-10 02:54 -> 四川省绵竹市 07-10 14:44 754 47885
---------------No. 593----------------
-1
---------------No. 594----------------
0
---------------No. 595----------------
0
---------------No. 596----------------
1
puzzletheNewWorld 黑龙江省尚志市 08-07 20:11 -> 四川省绵竹市 08-08 14:44 913 47885
---------------No. 597----------------
1
INSCRIPTIONS 黑龙江省五大连池市 06-15 19:22 -> 江苏省扬州市 06-16 08:14 1056 67686
---------------No. 598----------------
1
INSCRIPTIONS 贵州省清镇市 07-16 16:24 -> 湖北省枣阳市 07-17 11:59 1717 58244
---------------No. 599----------------
499735
---------------No. 600----------------
9900394
---------------No. 601----------------
1
TOFOREIGNLANDS 河北省张家口市 06-21 22:51 -> 辽宁省铁岭市 06-22 12:11 1385 92870
---------------No. 602----------------
5554172
---------------No. 603----------------
2
[success] IHEARDthatyouask 新疆吐鲁番市 08-01 05:55 -> 天津市 08-01 06:30 496 22003
[success] LeavesofGrass 福建省建阳市 07-13 21:19 -> 河南省偃师市 07-14 03:28 860 5793
---------------No. 604----------------
0
---------------No. 605----------------
1
TOFOREIGNLANDS 河北省张家口市 07-19 22:51 -> 北京市 07-20 02:50 500 92870
---------------No. 606----------------
Mostima 莫斯提马 of.the.earliest@towns.From 2
---------------No. 607----------------
1
puzzletheNewWorld 黑龙江省尚志市 08-02 20:11 -> 北京市 08-03 02:45 159 47885
---------------No. 608----------------
1
whatyouwanted 安徽省阜阳市 07-11 08:24 -> 山东省莱州市 07-11 10:04 486 30519
---------------No. 609----------------
1
TOFOREIGNLANDS 江西省鹰潭市 07-09 08:47 -> 甘肃省敦煌市 07-09 20:48 1642 92870
---------------No. 610----------------
1
INSCRIPTIONS 云南省安宁市 07-25 20:50 -> 新疆米泉市 07-26 14:38 1550 48525
---------------No. 611----------------
14116212
---------------No. 612----------------
7847840
---------------No. 613----------------
Skyfire 天火 published.in@the.English 1
---------------No. 614----------------
-1
---------------No. 615----------------
1
whatyouwanted 广东省高州市 08-07 11:08 -> 江西省高安市 08-07 17:46 1072 30519
---------------No. 616----------------
1
LeavesofGrass 广东省四会市 07-08 15:39 -> 河北省河间市 07-08 18:01 753 64781
---------------No. 617----------------
850335
---------------No. 618----------------
Bibeak 柏喙 in.the.development@of.the 1
---------------No. 619----------------
-1
---------------No. 620----------------
1
LeavesofGrass 河北省河间市 06-30 18:11 -> 浙江省慈溪市 07-01 09:48 2146 43008
---------------No. 621----------------
Ethan 伊桑 acknowledged@by.all 3
---------------No. 622----------------
Cardigan 卡缇 the.markets@kept.ever 1
---------------No. 623----------------
1
AndtodefineAmeric 江苏省吴江市 08-03 17:00 -> 北京市 08-03 22:38 501 80198
---------------No. 624----------------
-1
---------------No. 625----------------
1
TOFOREIGNLANDS 河北省张家口市 07-09 22:51 -> 四川省攀枝花市 07-10 20:01 2268 92870
---------------No. 626----------------
Eyjafjalla 艾雅法拉 its.place.The@guildmasters.wer 2
---------------No. 627----------------
Ambriel 安比尔 millionaires@the.leaders 1
---------------No. 628----------------
9
[success] LeavesofGrass 新疆塔城市 07-09 07:38 -> 宁夏石嘴山市 07-09 19:18 2072 22666
[success] whatyouwanted 山东省乳山市 07-31 04:53 -> 吉林省四平市 07-31 18:18 2825 3306
[success] INSCRIPTIONS 广东省高要市 07-19 21:40 -> 江苏省扬州市 07-20 08:14 764 6563
[success] INSCRIPTIONS 湖北省枣阳市 07-28 12:03 -> 新疆米泉市 07-28 14:38 162 2993
[pending] LeavesofGrass 新疆塔城市 07-11 07:38 -> 福建省建阳市 07-11 21:14 2472 8643
[success] INSCRIPTIONS 云南省安宁市 07-11 20:50 -> 广东省高要市 07-11 21:36 136 13108
[success] LeavesofGrass 河北省河间市 07-02 18:11 -> 广东省花都市 07-03 01:39 1249 16970
[success] LeavesofGrass 辽宁省抚顺市 07-15 14:24 -> 黑龙江省海林市 07-15 22:46 1393 995
[success] LeavesofGrass 辽宁省抚顺市 07-03 14:24 -> 宁夏石嘴山市 07-03 19:18 979 5907
---------------No. 629----------------
10513225
---------------No. 630----------------
17711331
---------------No. 631----------------
27771016
---------------No. 632----------------
1
TOTHEEOLDCAUSE 河北省唐山市 08-01 15:34 -> 河南省周口市 08-01 23:49 829 33971
---------------No. 633----------------
23563100
---------------No. 634----------------
Silence 赫默 stood.in.constant@opposition.t 1
---------------No. 635----------------
1
INSCRIPTIONS 云南省安宁市 08-21 20:50 -> 湖北省枣阳市 08-22 11:59 1388 16919
---------------No. 636----------------
Skyfire 天火 published.in@the.English 1
---------------No. 637----------------
10900784
---------------No. 638----------------
10925050
---------------No. 639----------------
1
puzzletheNewWorld 辽宁省辽阳市 08-11 13:05 -> 河南省登封市 08-12 09:52 1419 47885
---------------No. 640----------------
1
puzzletheNewWorld 北京市 06-20 02:54 -> 四川省绵竹市 06-20 14:44 754 37061
---------------No. 641----------------
-1
---------------No. 642----------------
Hellagur 赫拉格 The.manufacturing@system.took 1
---------------No. 643----------------
queue
---------------No. 644----------------
1
LeavesofGrass 浙江省平湖市 07-08 08:59 -> 陕西省安康市 07-08 17:15 1535 64781
---------------No. 645----------------
-1
---------------No. 646----------------
Nian 年年 wants.of.the@new.markets 1
---------------No. 647----------------
1
TOFOREIGNLANDS 江苏省淮安市 06-24 19:20 -> 四川省攀枝花市 06-24 20:01 231 92870
---------------No. 648----------------
1254240
---------------No. 649----------------
1
INSCRIPTIONS 云南省安宁市 06-20 20:50 -> 广东省惠阳市 06-21 01:32 289 65844
---------------No. 650----------------
0
---------------No. 651----------------
5124085
---------------No. 652----------------
1
TOFOREIGNLANDS 河北省张家口市 07-13 22:51 -> 江苏省淮安市 07-14 19:12 2037 92870
---------------No. 653----------------
1
TOFOREIGNLANDS 湖南省常宁市 06-08 02:20 -> 江苏省淮安市 06-08 19:12 1598 92870
---------------No. 654----------------
0
---------------No. 655----------------
-1
---------------No. 656----------------
5734400
---------------No. 657----------------
Meteor 流星 but.established@new.classes 1
---------------No. 658----------------
1
AndtodefineAmeric 天津市 06-28 08:57 -> 湖北省黄冈市 06-29 01:07 2633 80198
---------------No. 659----------------
0
---------------No. 660----------------
Indra 因陀罗 ruins.of.feudal@society.has 1
---------------No. 661----------------
10484390
---------------No. 662----------------
Haze 夜烟 result.from@this.fact 1
---------------No. 663----------------
-1
---------------No. 664----------------
1
puzzletheNewWorld 黑龙江省尚志市 08-09 20:11 -> 河南省登封市 08-10 09:52 614 47885
---------------No. 665----------------
-1
---------------No. 666----------------
1
INSCRIPTIONS 广东省惠阳市 08-21 01:41 -> 江苏省扬州市 08-21 08:14 611 59500
---------------No. 667----------------
ProjeKTRed 红红 everywhere@a.complicated 1
---------------No. 668----------------
8800257
---------------No. 669----------------
1
TOTHEEOLDCAUSE 山西省太原市 07-16 07:56 -> 四川省绵阳市 07-16 17:54 708 33971
---------------No. 670----------------
23116366
---------------No. 671----------------
-1
---------------No. 672----------------
1
AndtodefineAmeric 山东省高密市 07-08 13:02 -> 广东省高明市 07-08 13:28 208 80198
---------------No. 673----------------
-1
---------------No. 674----------------
453152
---------------No. 675----------------
Cuora 蛇屠箱 trade.with@the.colonies 1
---------------No. 676----------------
1
IHEARDthatyouask 新疆吐鲁番市 07-28 05:55 -> 四川省彭州市 07-28 23:13 745 71499
---------------No. 677----------------
-1
---------------No. 678----------------
1
TOFOREIGNLANDS 湖南省常宁市 07-16 02:20 -> 甘肃省敦煌市 07-16 20:48 2016 92870
---------------No. 679----------------
Silence 赫默 stood.in.constant@opposition.t 1
---------------No. 680----------------
4
[success] AndtodefineAmeric 云南省保山市 07-24 09:33 -> 吉林省榆树市 07-25 03:30 2368 17477
[success] LeavesofGrass 浙江省杭州市 08-01 11:52 -> 福建省建阳市 08-01 21:14 1781 7628
[success] LeavesofGrass 辽宁省抚顺市 07-15 14:24 -> 河南省偃师市 07-16 03:28 2239 19633
[success] LeavesofGrass 湖南省衡阳市 07-07 16:20 -> 宁夏石嘴山市 07-07 19:18 734 3232
---------------No. 681----------------
2188648
---------------No. 682----------------
6355512
---------------No. 683----------------
459200
---------------No. 684----------------
1
TOTHEEOLDCAUSE 山西省太原市 06-15 07:56 -> 四川省绵阳市 06-15 17:54 708 33971
---------------No. 685----------------
1
TOFOREIGNLANDS 浙江省临安市 06-10 21:04 -> 河北省张家口市 06-10 22:48 412 92870
---------------No. 686----------------
Steward 史都华德 society.at@large.or 1
---------------No. 687----------------
54870
---------------No. 688----------------
0
---------------No. 689----------------
-1
---------------No. 690----------------
-1
---------------No. 691----------------
22
[success] whatyouwanted 新疆阿克苏市 08-04 15:58 -> 湖北省松滋市 08-04 21:35 1257 7001
[success] LeavesofGrass 新疆塔城市 07-21 07:38 -> 宁夏石嘴山市 07-21 19:18 2072 13403
[success] IHEARDthatyouask 天津市 08-06 06:35 -> 四川省彭州市 08-06 23:13 249 3415
[success] INSCRIPTIONS 北京市 07-01 06:46 -> 湖北省枣阳市 07-01 11:59 688 2304
[pending] LeavesofGrass 浙江省平湖市 07-29 08:59 -> 黑龙江省海林市 07-29 22:46 2195 19208
[success] LeavesofGrass 陕西省安康市 08-04 17:25 -> 广东省花都市 08-05 01:39 1274 14176
[success] LeavesofGrass 陕西省安康市 06-29 17:25 -> 福建省建阳市 06-29 21:14 646 19093
[success] LeavesofGrass 河南省偃师市 07-16 03:31 -> 浙江省慈溪市 07-16 09:48 665 22201
[success] INSCRIPTIONS 黑龙江省五大连池市 08-01 19:22 -> 江苏省扬州市 08-02 08:14 1056 5163
[success] IHEARDthatyouask 新疆吐鲁番市 07-25 05:55 -> 四川省彭州市 07-25 23:13 745 18745
[success] LeavesofGrass 新疆塔城市 07-04 07:38 -> 河北省河间市 07-04 18:01 1851 5208
[success] INSCRIPTIONS 北京市 06-17 06:46 -> 湖北省枣阳市 06-17 11:59 688 1553
[success] INSCRIPTIONS 云南省安宁市 07-05 20:50 -> 广东省惠阳市 07-06 01:32 289 9367
[pending] LeavesofGrass 浙江省平湖市 07-04 08:59 -> 陕西省安康市 07-04 17:15 1535 23018
[success] LeavesofGrass 新疆塔城市 07-25 07:38 -> 广东省四会市 07-25 15:34 1098 2919
[success] LeavesofGrass 河北省河间市 07-29 18:11 -> 宁夏石嘴山市 07-29 19:18 221 13309
[success] INSCRIPTIONS 贵州省清镇市 07-13 16:24 -> 北京市 07-14 06:40 1029 15171
[success] LeavesofGrass 广东省花都市 07-29 01:43 -> 新疆伊宁市 07-29 08:52 827 16611
[success] LeavesofGrass 浙江省杭州市 07-23 11:52 -> 黑龙江省海林市 07-23 22:46 1795 13472
[success] LeavesofGrass 河南省灵宝市 06-28 23:45 -> 新疆博乐市 06-29 06:04 539 22553
[success] INSCRIPTIONS 贵州省清镇市 08-12 16:24 -> 新疆米泉市 08-13 14:38 1879 7632
[success] LeavesofGrass 广东省四会市 07-05 15:39 -> 福建省建阳市 07-05 21:14 1374 21326
---------------No. 692----------------
4710016
---------------No. 693----------------
queue
---------------No. 694----------------
1
whatyouwanted 北京市 07-24 02:12 -> 吉林省四平市 07-24 18:18 2921 30519
---------------No. 695----------------
Snowsant 雪雉 new.forms.of@struggle.in 2
---------------No. 696----------------
1
LeavesofGrass 河南省偃师市 07-19 03:31 -> 新疆博乐市 07-19 06:04 193 59205
---------------No. 697----------------
-1
---------------No. 698----------------
1
whatyouwanted 山东省莱州市 07-14 10:08 -> 吉林省双辽市 07-14 14:29 405 30519
---------------No. 699----------------
19477824
---------------No. 700----------------
1
TOTHEEOLDCAUSE 新疆奎屯市 06-26 11:20 -> 吉林省长春市 06-27 04:46 1257 33971
---------------No. 701----------------
1
TOFOREIGNLANDS 北京市 07-23 02:59 -> 四川省攀枝花市 07-23 20:01 1768 92870
---------------No. 702----------------
1
ThereforeIsendyou 天津市 07-13 17:39 -> 浙江省舟山市 07-14 10:35 1141 3759
---------------No. 703----------------
1
puzzletheNewWorld 辽宁省辽阳市 07-11 13:05 -> 黑龙江省尚志市 07-11 20:04 805 41203
---------------No. 704----------------
1
whatyouwanted 安徽省阜阳市 07-07 08:24 -> 吉林省四平市 07-07 18:18 2151 30519
---------------No. 705----------------
-1
---------------No. 706----------------
1
IHEARDthatyouask 新疆吐鲁番市 07-28 05:55 -> 广东省云浮市 07-28 18:52 725 71499
---------------No. 707----------------
-1
---------------No. 708----------------
-1
---------------No. 709----------------
4761900
---------------No. 710----------------
Fang 芬芬 sufficed.for@the.growing 1
---------------No. 711----------------
6151465
---------------No. 712----------------
Nian 年年 wants.of.the@new.markets 1
---------------No. 713----------------
Manticore 狮蝎 not.hurled@back.the 2
---------------No. 714----------------
1
whatyouwanted 湖北省利川市 07-13 22:30 -> 山东省莱州市 07-14 10:04 1829 30519
---------------No. 715----------------
1
LeavesofGrass 浙江省平湖市 07-29 08:59 -> 辽宁省抚顺市 07-29 14:21 802 69996
---------------No. 716----------------
29441412
---------------No. 717----------------
1300622
---------------No. 718----------------
1
whatyouwanted 内蒙东胜市 07-06 20:49 -> 湖北省松滋市 07-06 21:35 213 30519
---------------No. 719----------------
6112000
---------------No. 720----------------
11685877
---------------No. 721----------------
1056080
---------------No. 722----------------
1
ThereforeIsendyou 湖南省汩罗市 07-10 22:12 -> 新疆喀什市 07-11 02:43 498 3759
---------------No. 723----------------
1
TOFOREIGNLANDS 江西省鹰潭市 08-01 08:47 -> 辽宁省铁岭市 08-01 12:11 572 92870
---------------No. 724----------------
1
whatyouwanted 广东省高州市 07-26 11:08 -> 吉林省四平市 07-26 18:18 1489 28519
---------------No. 725----------------
1
LeavesofGrass 浙江省杭州市 07-06 11:52 -> 浙江省慈溪市 07-07 09:48 3306 6595
---------------No. 726----------------
1
TOTHEEOLDCAUSE 新疆奎屯市 07-02 11:20 -> 宁夏银川市 07-03 14:45 2067 33971
---------------No. 727----------------
1
LeavesofGrass 浙江省平湖市 07-14 08:59 -> 广东省四会市 07-14 15:34 807 3571
---------------No. 728----------------
0
---------------No. 729----------------
-1
---------------No. 730----------------
Phantom 傀影 not.done.away@with.class 1
---------------No. 731----------------
10536000
---------------No. 732----------------
1
LeavesofGrass 浙江省平湖市 07-20 08:59 -> 河南省灵宝市 07-20 23:39 2695 21438
---------------No. 733----------------
-1
---------------No. 734----------------
1
AndtodefineAmeric 湖北省黄冈市 06-16 01:14 -> 湖南省吉首市 06-16 11:01 992 80198
---------------No. 735----------------
FEater 食铁兽 an.uninterrupted@now.hidden 1
---------------No. 736----------------
8
[success] IHEARDthatyouask 新疆吐鲁番市 08-06 05:55 -> 广东省云浮市 08-06 18:52 725 14501
[success] LeavesofGrass 浙江省杭州市 07-03 11:52 -> 河北省河间市 07-03 18:01 1160 14688
[pending] LeavesofGrass 湖南省衡阳市 07-31 16:20 -> 河北省河间市 07-31 18:01 513 21726
[success] LeavesofGrass 河南省灵宝市 07-04 23:45 -> 新疆伊宁市 07-05 08:52 941 2194
[success] INSCRIPTIONS 贵州省清镇市 07-24 16:24 -> 新疆米泉市 07-25 14:38 1879 12953
[success] LeavesofGrass 浙江省杭州市 07-28 11:52 -> 黑龙江省海林市 07-28 22:46 1795 14021
[success] LeavesofGrass 浙江省杭州市 07-23 11:52 -> 福建省建阳市 07-23 21:14 1781 6199
[success] LeavesofGrass 浙江省平湖市 07-20 08:59 -> 浙江省杭州市 07-20 11:46 400 16446
---------------No. 737----------------
1
TOFOREIGNLANDS 北京市 07-25 02:59 -> 江西省鹰潭市 07-25 08:37 313 92870
---------------No. 738----------------
1
INSCRIPTIONS 广东省惠阳市 08-22 01:41 -> 江苏省扬州市 08-22 08:14 611 16919
---------------No. 739----------------
-1
---------------No. 740----------------
1
TOFOREIGNLANDS 浙江省临安市 06-25 21:04 -> 湖南省常宁市 06-26 02:11 851 92870
---------------No. 741----------------
-1
---------------No. 742----------------
-1
---------------No. 743----------------
1
INSCRIPTIONS 江苏省扬州市 07-12 08:17 -> 新疆米泉市 07-12 14:38 650 62825
---------------No. 744----------------
-1
---------------No. 745----------------
0
---------------No. 746----------------
17054145
---------------No. 747----------------
Meteorite 陨星 bourgeoisie@was.accompanied 3
---------------No. 748----------------
9
[pending] LeavesofGrass 新疆塔城市 07-12 07:38 -> 湖南省衡阳市 07-12 16:17 1338 23030
[success] LeavesofGrass 辽宁省抚顺市 07-19 14:24 -> 河北省河间市 07-19 18:01 758 13298
[success] LeavesofGrass 浙江省杭州市 07-01 11:52 -> 新疆伊宁市 07-02 08:52 3236 17483
[pending] LeavesofGrass 新疆塔城市 07-11 07:38 -> 福建省建阳市 07-11 21:14 2472 11252
[success] LeavesofGrass 陕西省安康市 07-12 17:25 -> 河南省偃师市 07-13 03:28 1506 6505
[success] INSCRIPTIONS 江苏省扬州市 07-07 08:17 -> 湖北省枣阳市 07-07 11:59 488 14755
[pending] LeavesofGrass 辽宁省抚顺市 07-06 14:24 -> 广东省花都市 07-07 01:39 2007 10068
[success] LeavesofGrass 辽宁省抚顺市 07-25 14:24 -> 广东省花都市 07-26 01:39 2007 12999
[success] LeavesofGrass 浙江省杭州市 07-13 11:52 -> 湖南省衡阳市 07-13 16:17 647 13484
---------------No. 749----------------
1
TOFOREIGNLANDS 浙江省临安市 07-26 21:04 -> 甘肃省敦煌市 07-27 20:48 2867 92870
---------------No. 750----------------
Vigna 红豆 the.manufacturing@middle.class 1
---------------No. 751----------------
Snowsant 雪雉 new.forms.of@struggle.in 2
---------------No. 752----------------
1
INSCRIPTIONS 黑龙江省五大连池市 07-19 19:22 -> 湖北省枣阳市 07-20 11:59 1544 50155
---------------No. 753----------------
1
INSCRIPTIONS 云南省安宁市 07-29 20:50 -> 湖北省枣阳市 07-30 11:59 1388 47975
---------------No. 754----------------
Greyy 格雷伊 bourgeoisie@developed.increase 4
---------------No. 755----------------
14282000
---------------No. 756----------------
Nearl 临光 history.we@find.almost 1
---------------No. 757----------------
1
ThereforeIsendyou 天津市 07-03 17:39 -> 山东省胶南市 07-04 10:01 1074 3759
---------------No. 758----------------
1
IHEARDthatyouask 天津市 07-20 06:35 -> 广东省云浮市 07-20 18:52 229 91153
---------------No. 759----------------
1
puzzletheNewWorld 辽宁省辽阳市 07-28 13:05 -> 四川省绵竹市 07-29 14:44 1718 47885
---------------No. 760----------------
Exusiai 能天使 of.America@the.rounding 1
---------------No. 761----------------
-1
---------------No. 762----------------
1
TOTHEEOLDCAUSE 山东省聊城市 07-26 13:46 -> 山东省滕州市 07-27 01:56 977 33971
---------------No. 763----------------
Plume 翎羽 serf.guildmaster@and.journeyma 2
---------------No. 764----------------
1
TOFOREIGNLANDS 甘肃省敦煌市 07-24 20:57 -> 重庆市江津市 07-25 00:04 486 92870
---------------No. 765----------------
-1
---------------No. 766----------------
FEater 食铁兽 an.uninterrupted@now.hidden 1
---------------No. 767----------------
0
---------------No. 768----------------
1
TOTHEEOLDCAUSE 山东省滕州市 06-27 02:06 -> 广东省湛江市 06-27 19:57 1443 33971
---------------No. 769----------------
1
TOFOREIGNLANDS 湖南省常宁市 06-12 02:20 -> 北京市 06-12 02:50 61 92870
---------------No. 770----------------
4152883
---------------No. 771----------------
22239879
---------------No. 772----------------
1
whatyouwanted 四川省华蓥市 07-07 09:39 -> 广东省高州市 07-07 10:58 643 30519
---------------No. 773----------------
Beagle 米格 Europethe.spectre@of.Communism 4
---------------No. 774----------------
1
TOFOREIGNLANDS 浙江省临安市 07-18 21:04 -> 浙江省乐清市 07-19 16:23 2075 92870
---------------No. 775----------------
1
ThereforeIsendyou 湖南省汩罗市 07-05 22:12 -> 新疆喀什市 07-06 02:43 498 3759
---------------No. 776----------------
1
ThereforeIsendyou 新疆喀什市 07-21 02:53 -> 河南省驻马店市 07-21 13:30 789 3759
---------------No. 777----------------
queue
---------------No. 778----------------
1
LeavesofGrass 新疆塔城市 07-17 07:38 -> 辽宁省抚顺市 07-17 14:21 1093 61739
---------------No. 779----------------
-1
---------------No. 780----------------
-1
---------------No. 781----------------
1
ThereforeIsendyou 山东省胶南市 07-18 10:07 -> 安徽省宁国市 07-18 19:16 632 3759
---------------No. 782----------------
-1
---------------No. 783----------------
-1
---------------No. 784----------------
1717569
---------------No. 785----------------
9247104
---------------No. 786----------------
1
AndtodefineAmeric 山东省胶州市 06-15 12:18 -> 江苏省吴江市 06-15 16:50 1215 80198
---------------No. 787----------------
7545392
---------------No. 788----------------
-1
---------------No. 789----------------
6432300
---------------No. 790----------------
1
INSCRIPTIONS 贵州省清镇市 07-22 16:24 -> 湖北省枣阳市 07-23 11:59 1717 70655
---------------No. 791----------------
1
TOTHEEOLDCAUSE 河南省周口市 07-24 23:57 -> 四川省绵阳市 07-25 17:54 1267 33971
---------------No. 792----------------
11281516
---------------No. 793----------------
43828629
---------------No. 794----------------
1
ThereforeIsendyou 天津市 07-11 17:39 -> 新疆喀什市 07-12 02:43 729 3759
---------------No. 795----------------
1140300
---------------No. 796----------------
1952544
---------------No. 797----------------
1
INSCRIPTIONS 广东省惠阳市 07-27 01:41 -> 湖北省枣阳市 07-27 11:59 1099 51365
---------------No. 798----------------
Frostleaf 霜叶 class.under@the.sway 1
---------------No. 799----------------
Aak 阿阿 in.almost.all@of.these 1
---------------No. 800----------------
0
---------------No. 801----------------
7078192
---------------No. 802----------------
13149882
---------------No. 803----------------
4207072
---------------No. 804----------------
queue
---------------No. 805----------------
Vermeil 红云 production@The.place 1
---------------No. 806----------------
1
TOFOREIGNLANDS 河北省张家口市 07-27 22:51 -> 北京市 07-28 02:50 500 92870
---------------No. 807----------------
1
puzzletheNewWorld 辽宁省辽阳市 07-14 13:05 -> 北京市 07-15 02:45 964 47885
---------------No. 808----------------
1
IHEARDthatyouask 新疆吐鲁番市 07-08 05:55 -> 广东省云浮市 07-08 18:52 725 45820
---------------No. 809----------------
9793751
---------------No. 810----------------
SilverAsh 银灰 feudal.lords@vassals.guildmast 1
---------------No. 811----------------
queue
---------------No. 812----------------
4234292
---------------No. 813----------------
1404548
---------------No. 814----------------
1
LeavesofGrass 广东省四会市 07-09 15:39 -> 黑龙江省海林市 07-09 22:46 1388 1206
---------------No. 815----------------
queue
---------------No. 816----------------
1
LeavesofGrass 湖南省衡阳市 07-09 16:20 -> 河南省灵宝市 07-09 23:39 1648 1206
---------------No. 817----------------
12599860
---------------No. 818----------------
Istina 真理 commerce.navigation@railways.e 1
---------------No. 819----------------
1
AndtodefineAmeric 云南省保山市 07-24 09:33 -> 北京市 07-24 22:38 2183 62721
---------------No. 820----------------
1
IHEARDthatyouask 天津市 07-14 06:35 -> 四川省彭州市 07-14 23:13 249 78448
---------------No. 821----------------
1
ThereforeIsendyou 湖南省汩罗市 07-14 22:12 -> 新疆喀什市 07-15 02:43 498 3759
---------------No. 822----------------
Scavenger 清道夫 division.of@labour.between 1
---------------No. 823----------------
1
INSCRIPTIONS 江苏省扬州市 07-24 08:17 -> 湖北省枣阳市 07-24 11:59 488 58179
---------------No. 824----------------
queue
---------------No. 825----------------
7981185
---------------No. 826----------------
26325026
---------------No. 827----------------
1
IHEARDthatyouask 新疆吐鲁番市 07-15 05:55 -> 广东省云浮市 07-15 18:52 725 80293
---------------No. 828----------------
1
puzzletheNewWorld 辽宁省辽阳市 06-29 13:05 -> 湖南省岳阳市 06-29 16:56 379 47885
---------------No. 829----------------
1
whatyouwanted 辽宁省盖州市 07-27 20:30 -> 新疆阿克苏市 07-28 15:55 3088 30519
---------------No. 830----------------
9224039
---------------No. 831----------------
1
ThereforeIsendyou 天津市 07-06 17:39 -> 河南省驻马店市 07-07 13:30 1518 3759
---------------No. 832----------------
5551105
---------------No. 833----------------
Broca 布洛卡 branding.reproach@of.Communism 1
---------------No. 834----------------
-1
---------------No. 835----------------
Warfarin 华法琳 the.different@corporate.guilds 1
---------------No. 836----------------
queue
---------------No. 837----------------
980800
---------------No. 838----------------
4
[success] whatyouwanted 北京市 07-26 02:12 -> 内蒙东胜市 07-26 20:46 3056 2000
[success] LeavesofGrass 广东省花都市 07-05 01:43 -> 河南省偃师市 07-05 03:28 232 46
[pending] LeavesofGrass 宁夏石嘴山市 06-28 19:25 -> 新疆博乐市 06-29 06:04 1453 16354
[success] INSCRIPTIONS 广东省惠阳市 07-02 01:41 -> 江苏省扬州市 07-02 08:14 611 8513
---------------No. 839----------------
1
INSCRIPTIONS 北京市 08-05 06:46 -> 湖北省枣阳市 08-05 11:59 688 68919
---------------No. 840----------------
Cutter 刻刀 antagonisms@Society.as 1
---------------No. 841----------------
1699101
---------------No. 842----------------
1
TOFOREIGNLANDS 浙江省临安市 06-16 21:04 -> 河北省张家口市 06-16 22:48 412 92870
---------------No. 843----------------
1
TOTHEEOLDCAUSE 山东省滕州市 07-10 02:06 -> 广东省湛江市 07-10 19:57 1443 33971
---------------No. 844----------------
1
INSCRIPTIONS 贵州省清镇市 07-13 16:24 -> 江苏省扬州市 07-14 08:14 1229 32159
---------------No. 845----------------
1
whatyouwanted 四川省华蓥市 07-31 09:39 -> 江西省高安市 07-31 17:46 1715 27213
---------------No. 846----------------
1
AndtodefineAmeric 湖北省孝感市 07-22 09:27 -> 湖南省吉首市 07-22 11:01 451 80198
---------------No. 847----------------
Liskarm 雷蛇 well.as.against@its.reactionar 1
---------------No. 848----------------
14910700
---------------No. 849----------------
1
whatyouwanted 北京市 08-03 02:12 -> 河南省洛阳市 08-03 12:55 1595 30519
---------------No. 850----------------
1
INSCRIPTIONS 黑龙江省五大连池市 08-08 19:22 -> 江苏省扬州市 08-09 08:14 1056 44079
---------------No. 851----------------
-1
---------------No. 852----------------
queue
---------------No. 853----------------
Rangers 巡林 arrangement@of.society 3
---------------No. 854----------------
-1
---------------No. 855----------------
queue
---------------No. 856----------------
33320
---------------No. 857----------------
Courier 讯使 publish.their@views.their 1
---------------No. 858----------------
1
ThereforeIsendyou 山东省胶南市 07-22 10:07 -> 安徽省宁国市 07-22 19:16 632 3759
---------------No. 859----------------
1
TOTHEEOLDCAUSE 河南省周口市 07-14 23:57 -> 四川省绵阳市 07-15 17:54 1267 33971
---------------No. 860----------------
1
TOTHEEOLDCAUSE 湖北省麻城市 06-18 20:21 -> 宁夏银川市 06-19 14:45 1324 33971
---------------No. 861----------------
0
---------------No. 862----------------
16924596
---------------No. 863----------------
8442060
---------------No. 864----------------
-1
---------------No. 865----------------
11087712
---------------No. 866----------------
17
[success] INSCRIPTIONS 黑龙江省五大连池市 07-19 19:22 -> 新疆米泉市 07-20 14:38 1706 2482
[success] INSCRIPTIONS 黑龙江省五大连池市 07-28 19:22 -> 湖北省枣阳市 07-29 11:59 1544 9250
[success] LeavesofGrass 陕西省安康市 07-03 17:25 -> 新疆博乐市 07-04 06:04 1699 6416
[success] puzzletheNewWorld 辽宁省辽阳市 06-26 13:05 -> 河南省登封市 06-27 09:52 1419 9948
[success] puzzletheNewWorld 黑龙江省尚志市 07-06 20:11 -> 河南省登封市 07-07 09:52 614 5473
[success] IHEARDthatyouask 天津市 07-17 06:35 -> 广东省云浮市 07-17 18:52 229 18324
[success] IHEARDthatyouask 新疆吐鲁番市 07-19 05:55 -> 天津市 07-19 06:30 496 3891
[success] LeavesofGrass 黑龙江省海林市 07-11 22:56 -> 新疆伊宁市 07-12 08:52 1441 20670
[success] INSCRIPTIONS 贵州省清镇市 07-23 16:24 -> 黑龙江省五大连池市 07-23 19:12 173 2543
[success] IHEARDthatyouask 天津市 07-08 06:35 -> 四川省彭州市 07-08 23:13 249 16978
[success] INSCRIPTIONS 云南省安宁市 07-23 20:50 -> 湖北省枣阳市 07-24 11:59 1388 9613
[success] INSCRIPTIONS 黑龙江省五大连池市 07-17 19:22 -> 江苏省扬州市 07-18 08:14 1056 7832
[success] INSCRIPTIONS 广东省高要市 06-17 21:40 -> 北京市 06-18 06:40 564 1448
[success] LeavesofGrass 新疆塔城市 07-09 07:38 -> 浙江省杭州市 07-09 11:46 691 10367
[pending] LeavesofGrass 新疆塔城市 07-31 07:38 -> 浙江省慈溪市 08-01 09:48 3997 22374
[success] IHEARDthatyouask 新疆吐鲁番市 07-11 05:55 -> 四川省彭州市 07-11 23:13 745 19915
[success] LeavesofGrass 黑龙江省海林市 07-30 22:56 -> 广东省花都市 07-31 01:39 614 20787
---------------No. 867----------------
Vermeil 红云 production@The.place 1
---------------No. 868----------------
-1
---------------No. 869----------------
864200
---------------No. 870----------------
13077388
---------------No. 871----------------
12729873
---------------No. 872----------------
Savage 暴行 guilds.now@no.longer 2
---------------No. 873----------------
Shaw 阿消 new.conditions@of.oppression 1
---------------No. 874----------------
1
IHEARDthatyouask 天津市 08-04 06:35 -> 广东省云浮市 08-04 18:52 229 64941
---------------No. 875----------------
Mayer 梅尔 colonisation@of.America 1
---------------No. 876----------------
1
TOTHEEOLDCAUSE 山东省聊城市 08-03 13:46 -> 新疆库尔勒市 08-03 16:31 470 33971
---------------No. 877----------------
8047868
---------------No. 878----------------
1
INSCRIPTIONS 北京市 07-02 06:46 -> 新疆米泉市 07-02 14:38 850 35458
---------------No. 879----------------
Executor 送葬人 history.of@all.hitherto 1
---------------No. 880----------------
1
puzzletheNewWorld 黑龙江省尚志市 08-03 20:11 -> 河南省登封市 08-04 09:52 614 46807
---------------No. 881----------------
-1
---------------No. 882----------------
-1
---------------No. 883----------------
24624810
---------------No. 884----------------
ProjeKTRed 红红 everywhere@a.complicated 1
---------------No. 885----------------
Nian 年年 wants.of.the@new.markets 1
---------------No. 886----------------
1
ThereforeIsendyou 天津市 07-12 17:39 -> 浙江省舟山市 07-13 10:35 1141 3759
---------------No. 887----------------
-1
---------------No. 888----------------
Liskarm 雷蛇 of.the.feudal@nobility.an 1
---------------No. 889----------------
17550301
---------------No. 890----------------
0
---------------No. 891----------------
Nightmare 夜魔 policespies@Where.is 3
---------------No. 892----------------
Nearl 临光 history.we@find.almost 1
---------------No. 893----------------
ShiraYuki 白雪 and.Danish@languages.I 3
---------------No. 894----------------
Orchid 梓兰 and.of.exchange@Each.step 1
---------------No. 895----------------
4979125
---------------No. 896----------------
0
---------------No. 897----------------
1
ThereforeIsendyou 新疆喀什市 07-31 02:53 -> 安徽省宁国市 07-31 19:16 977 3759
---------------No. 898----------------
-1
---------------No. 899----------------
1640015
---------------No. 900----------------
Popukar 泡普卡 and.Chinese@markets.the 4
---------------No. 901----------------
Istina 真理 commerce.navigation@railways.e 1
---------------No. 902----------------
1
puzzletheNewWorld 湖南省岳阳市 07-22 17:01 -> 黑龙江省尚志市 07-22 20:04 426 47885
---------------No. 903----------------
128304
---------------No. 904----------------
1
LeavesofGrass 广东省四会市 07-05 15:39 -> 陕西省安康市 07-05 17:15 728 22265
---------------No. 905----------------
1094800
---------------No. 906----------------
30055740
---------------No. 907----------------
381365
---------------No. 908----------------
1
puzzletheNewWorld 北京市 07-12 02:54 -> 四川省绵竹市 07-12 14:44 754 47885
---------------No. 909----------------
1
IHEARDthatyouask 新疆吐鲁番市 07-11 05:55 -> 天津市 07-11 06:30 496 71238
---------------No. 910----------------
1
INSCRIPTIONS 黑龙江省五大连池市 08-12 19:22 -> 江苏省扬州市 08-13 08:14 1056 36274
---------------No. 911----------------
1636164
---------------No. 912----------------
Ptilopsis 白面鸮 this.distinctive@feature.it 2
---------------No. 913----------------
SilverAsh 银灰 feudal.lords@vassals.guildmast 1
---------------No. 914----------------
1
INSCRIPTIONS 黑龙江省五大连池市 08-02 19:22 -> 广东省高要市 08-02 21:36 292 70655
---------------No. 915----------------
5
[pending] LeavesofGrass 辽宁省抚顺市 07-29 14:24 -> 河南省偃师市 07-30 03:28 2239 22742
[success] LeavesofGrass 辽宁省抚顺市 07-05 14:24 -> 广东省四会市 07-05 15:34 5 10974
[success] LeavesofGrass 黑龙江省海林市 07-27 22:56 -> 新疆伊宁市 07-28 08:52 1441 12291
[success] LeavesofGrass 浙江省平湖市 08-01 08:59 -> 河南省灵宝市 08-01 23:39 2695 3708
[success] LeavesofGrass 宁夏石嘴山市 07-29 19:25 -> 广东省花都市 07-30 01:39 1028 6585
---------------No. 916----------------
1
ThereforeIsendyou 山东省胶南市 07-06 10:07 -> 浙江省舟山市 07-06 10:35 67 3759
---------------No. 917----------------
Istina 真理 commerce.navigation@railways.e 1
---------------No. 918----------------
-1
---------------No. 919----------------
Rope 暗索 pushed.on.one@side.by 1
---------------No. 920----------------
0
---------------No. 921----------------
1
TOTHEEOLDCAUSE 山东省滕州市 06-22 02:06 -> 吉林省长春市 06-22 04:46 146 33971
---------------No. 922----------------
0
---------------No. 923----------------
85136
---------------No. 924----------------
0
---------------No. 925----------------
queue
---------------No. 926----------------
Grani 格拉尼 serfs.of.the@Middle.Ages 1
---------------No. 927----------------
Phantom 傀影 not.done.away@with.class 1
---------------No. 928----------------
1
whatyouwanted 北京市 07-16 02:12 -> 河南省洛阳市 07-16 12:55 1595 30519
---------------No. 929----------------
Myrtle 桃金娘 in.proportion@as.industry 1
---------------No. 930----------------
Flamebringer 炎客 nationalities@have.assembled 2
---------------No. 931----------------
Dobermann 杜宾 in.a.word.oppressor@and.oppres 1
---------------No. 932----------------
0
---------------No. 933----------------
Firewatch 守林人 opponents.in@power.Where 2
---------------No. 934----------------
1
IHEARDthatyouask 天津市 07-12 06:35 -> 广东省云浮市 07-12 18:52 229 62110
---------------No. 935----------------
Midnight 月见夜 longer.sufficed@Thereupon.stea 1
---------------No. 936----------------
1
TOTHEEOLDCAUSE 山东省聊城市 07-16 13:46 -> 山西省太原市 07-17 07:46 1531 30641
---------------No. 937----------------
2141100
---------------No. 938----------------
17962950
---------------No. 939----------------
3093432
---------------No. 940----------------
915239
---------------No. 941----------------
Firewatch 守林人 opponents.in@power.Where 2
---------------No. 942----------------
16980626
---------------No. 943----------------
11835264
---------------No. 944----------------
0
---------------No. 945----------------
6
[success] puzzletheNewWorld 湖南省岳阳市 08-04 17:01 -> 河南省登封市 08-05 09:52 1040 7546
[pending] LeavesofGrass 宁夏石嘴山市 07-03 19:25 -> 河南省偃师市 07-04 03:28 1260 20736
[success] whatyouwanted 山东省乳山市 08-09 04:53 -> 四川省华蓥市 08-09 09:33 693 1300
[success] INSCRIPTIONS 江苏省扬州市 08-08 08:17 -> 新疆米泉市 08-08 14:38 650 14972
[success] INSCRIPTIONS 云南省安宁市 07-08 20:50 -> 北京市 07-09 06:40 700 9232
[success] LeavesofGrass 新疆塔城市 07-14 07:38 -> 河北省河间市 07-14 18:01 1851 23933
---------------No. 946----------------
14437596
---------------No. 947----------------
1
LeavesofGrass 辽宁省抚顺市 06-28 14:24 -> 陕西省安康市 06-28 17:15 733 8268
---------------No. 948----------------
1
IHEARDthatyouask 天津市 07-14 06:35 -> 四川省彭州市 07-14 23:13 249 78448
---------------No. 949----------------
10778922
---------------No. 950----------------
1
LeavesofGrass 辽宁省抚顺市 07-12 14:24 -> 陕西省安康市 07-12 17:15 733 5104
---------------No. 951----------------
15029630
---------------No. 952----------------
-1
---------------No. 953----------------
41613264
---------------No. 954----------------
1
TOFOREIGNLANDS 湖南省常宁市 06-16 02:20 -> 海南省通什市 06-16 13:23 976 92870
---------------No. 955----------------
-1
---------------No. 956----------------
-1
---------------No. 957----------------
1
TOTHEEOLDCAUSE 湖北省麻城市 07-20 20:21 -> 河南省周口市 07-20 23:49 363 33971
---------------No. 958----------------
0
---------------No. 959----------------
-1
---------------No. 960----------------
1
whatyouwanted 山东省乳山市 08-04 04:53 -> 吉林省双辽市 08-04 14:29 1565 23354
---------------No. 961----------------
8
[success] puzzletheNewWorld 河南省登封市 07-04 09:56 -> 四川省绵竹市 07-04 14:44 299 3061
[success] whatyouwanted 辽宁省盖州市 08-03 20:30 -> 安徽省阜阳市 08-04 08:17 1846 7165
[success] LeavesofGrass 湖南省衡阳市 07-18 16:20 -> 福建省建阳市 07-18 21:14 1134 8323
[pending] LeavesofGrass 陕西省安康市 07-11 17:25 -> 新疆博乐市 07-12 06:04 1699 6348
[success] INSCRIPTIONS 云南省安宁市 07-25 20:50 -> 新疆米泉市 07-26 14:38 1550 8126
[success] IHEARDthatyouask 天津市 07-08 06:35 -> 广东省云浮市 07-08 18:52 229 18347
[success] LeavesofGrass 陕西省安康市 07-02 17:25 -> 河南省灵宝市 07-02 23:39 1160 9184
[success] INSCRIPTIONS 广东省惠阳市 07-24 01:41 -> 湖北省枣阳市 07-24 11:59 1099 2863
---------------No. 962----------------
1
IHEARDthatyouask 广东省云浮市 08-04 19:00 -> 四川省彭州市 08-04 23:13 20 87991
---------------No. 963----------------
1
AndtodefineAmeric 天津市 06-26 08:57 -> 北京市 06-26 22:38 2583 80198
---------------No. 964----------------
10340186
---------------No. 965----------------
9556928
---------------No. 966----------------
Savage 暴行 guilds.now@no.longer 2
---------------No. 967----------------
2379000
---------------No. 968----------------
14695976
---------------No. 969----------------
queue
---------------No. 970----------------
26366243
---------------No. 971----------------
1
TOFOREIGNLANDS 湖南省常宁市 08-09 02:20 -> 北京市 08-09 02:50 61 92870
---------------No. 972----------------
0
---------------No. 973----------------
queue
---------------No. 974----------------
46363616
---------------No. 975----------------
Fang 芬芬 sufficed.for@the.growing 1
---------------No. 976----------------
5648316
---------------No. 977----------------
12390775
---------------No. 978----------------
Catapult 空爆 two.great.hostile@camps.into 1
---------------No. 979----------------
13001784
---------------No. 980----------------
0
---------------No. 981----------------
Mayer 梅尔 colonisation@of.America 1
---------------No. 982----------------
1
TOFOREIGNLANDS 浙江省临安市 07-13 21:04 -> 辽宁省铁岭市 07-14 12:11 1797 92870
---------------No. 983----------------
5524640
---------------No. 984----------------
Platinum 白金 handed.down@from.the 2
---------------No. 985----------------
4418850
---------------No. 986----------------
2376038
---------------No. 987----------------
1
IHEARDthatyouask 新疆吐鲁番市 07-07 05:55 -> 四川省彭州市 07-07 23:13 745 91153
---------------No. 988----------------
1
TOTHEEOLDCAUSE 山东省聊城市 06-11 13:46 -> 河北省唐山市 06-11 15:26 143 33971
---------------No. 989----------------
1
ThereforeIsendyou 新疆喀什市 07-27 02:53 -> 山东省胶南市 07-27 10:01 345 3759
---------------No. 990----------------
9396240
---------------No. 991----------------
0
---------------No. 992----------------
-1
---------------No. 993----------------
0
---------------No. 994----------------
1
puzzletheNewWorld 辽宁省辽阳市 07-31 13:05 -> 北京市 08-01 02:45 964 47885
---------------No. 995----------------
4321094
---------------No. 996----------------
Purestream 清流 party.itself@To.this 1
---------------No. 997----------------
queue
---------------No. 998----------------
20273680
---------------No. 999----------------
13
[success] TOFOREIGNLANDS 河北省张家口市 07-07 22:51 -> 四川省攀枝花市 07-08 20:01 2268 18348
[success] LeavesofGrass 辽宁省抚顺市 06-28 14:24 -> 黑龙江省海林市 06-28 22:46 1393 1233
[success] TOFOREIGNLANDS 浙江省临安市 07-28 21:04 -> 湖北省洪湖市 07-29 11:19 1713 12983
[success] IHEARDthatyouask 天津市 08-03 06:35 -> 广东省云浮市 08-03 18:52 229 9042
[success] LeavesofGrass 新疆塔城市 07-22 07:38 -> 浙江省杭州市 07-22 11:46 691 1160
[success] INSCRIPTIONS 江苏省扬州市 08-05 08:17 -> 新疆米泉市 08-05 14:38 650 1736
[success] INSCRIPTIONS 贵州省清镇市 08-03 16:24 -> 江苏省扬州市 08-04 08:14 1229 17489
[success] puzzletheNewWorld 湖南省岳阳市 07-11 17:01 -> 北京市 07-12 02:45 585 6682
[success] INSCRIPTIONS 北京市 08-22 06:46 -> 江苏省扬州市 08-22 08:14 200 16819
[success] LeavesofGrass 辽宁省抚顺市 07-22 14:24 -> 河南省灵宝市 07-22 23:39 1893 23313
[success] LeavesofGrass 浙江省杭州市 07-03 11:52 -> 河北省河间市 07-03 18:01 1160 1135
[success] LeavesofGrass 广东省四会市 07-22 15:39 -> 福建省建阳市 07-22 21:14 1374 1717
[success] LeavesofGrass 黑龙江省海林市 07-06 22:56 -> 广东省花都市 07-07 01:39 614 12429
---------------No. 1000----------------
-1
---------------No. 1001----------------
0
---------------No. 1002----------------
4784332
---------------No. 1003----------------
-1
---------------No. 1004----------------
Scavenger 清道夫 division.of@labour.between 1
---------------No. 1005----------------
Durin 杜林 armed.and.selfgoverning@associ 1
---------------No. 1006----------------
1
IHEARDthatyouask 天津市 07-21 06:35 -> 广东省云浮市 07-21 18:52 229 70205
---------------No. 1007----------------
2324096
---------------No. 1008----------------
-1
---------------No. 1009----------------
-1
---------------No. 1010----------------
Leizi 惊蛰 this.spectre@Pope.and 1
---------------No. 1011----------------
Lappland 拉普兰德 the.mediaeval@commune.here 1
---------------No. 1012----------------
1
puzzletheNewWorld 湖南省岳阳市 07-24 17:01 -> 四川省绵竹市 07-25 14:44 1339 37782
---------------No. 1013----------------
1
IHEARDthatyouask 天津市 07-08 06:35 -> 广东省云浮市 07-08 18:52 229 45820
---------------No. 1014----------------
1
ThereforeIsendyou 天津市 07-17 17:39 -> 湖南省汩罗市 07-17 22:09 231 3759
---------------No. 1015----------------
-1
---------------No. 1016----------------
Elysium 极境 has.simplified@the.class 3
---------------No. 1017----------------
Istina 真理 commerce.navigation@railways.e 1
---------------No. 1018----------------
-1
---------------No. 1019----------------
1
IHEARDthatyouask 广东省云浮市 08-02 19:00 -> 四川省彭州市 08-02 23:13 20 91153
---------------No. 1020----------------
6459264
---------------No. 1021----------------
0
---------------No. 1022----------------
-1
---------------No. 1023----------------
0
---------------No. 1024----------------
15374350
---------------No. 1025----------------
4399715
---------------No. 1026----------------
1
IHEARDthatyouask 新疆吐鲁番市 07-20 05:55 -> 广东省云浮市 07-20 18:52 725 91153
---------------No. 1027----------------
Manticore 狮蝎 not.hurled@back.the 2
---------------No. 1028----------------
1
TOTHEEOLDCAUSE 河北省唐山市 07-10 15:34 -> 吉林省长春市 07-11 04:46 980 33971
---------------No. 1029----------------
15769299
---------------No. 1030----------------
13039188
---------------No. 1031----------------
1
IHEARDthatyouask 新疆吐鲁番市 07-27 05:55 -> 天津市 07-27 06:30 496 45843
---------------No. 1032----------------
Gummy 古米 commerce.to@navigation.to 1
---------------No. 1033----------------
-1
---------------No. 1034----------------
-1
---------------No. 1035----------------
1
whatyouwanted 甘肃省兰州市 07-30 21:27 -> 山东省乳山市 07-31 04:49 741 30519
---------------No. 1036----------------
10077694
---------------No. 1037----------------
1
INSCRIPTIONS 云南省安宁市 07-21 20:50 -> 广东省惠阳市 07-22 01:32 289 70655
---------------No. 1038----------------
queue
---------------No. 1039----------------
queue
---------------No. 1040----------------
Meteor 流星 but.established@new.classes 1
---------------No. 1041----------------
1
IHEARDthatyouask 天津市 07-20 06:35 -> 四川省彭州市 07-20 23:13 249 91153
---------------No. 1042----------------
14
[success] INSCRIPTIONS 广东省惠阳市 06-18 01:41 -> 湖北省枣阳市 06-18 11:59 1099 2162
[success] LeavesofGrass 浙江省平湖市 07-19 08:59 -> 黑龙江省海林市 07-19 22:46 2195 5645
[success] INSCRIPTIONS 云南省安宁市 07-07 20:50 -> 新疆米泉市 07-08 14:38 1550 11589
[success] IHEARDthatyouask 新疆吐鲁番市 07-12 05:55 -> 四川省彭州市 07-12 23:13 745 10713
[pending] LeavesofGrass 宁夏石嘴山市 06-29 19:25 -> 河南省偃师市 06-30 03:28 1260 5274
[success] LeavesofGrass 辽宁省抚顺市 07-18 14:24 -> 河南省灵宝市 07-18 23:39 1893 23153
[success] IHEARDthatyouask 新疆吐鲁番市 08-06 05:55 -> 广东省云浮市 08-06 18:52 725 14501
[success] LeavesofGrass 浙江省杭州市 07-03 11:52 -> 河北省河间市 07-03 18:01 1160 14688
[pending] LeavesofGrass 湖南省衡阳市 07-31 16:20 -> 河北省河间市 07-31 18:01 513 21726
[success] LeavesofGrass 河南省灵宝市 07-04 23:45 -> 新疆伊宁市 07-05 08:52 941 2194
[success] INSCRIPTIONS 贵州省清镇市 07-24 16:24 -> 新疆米泉市 07-25 14:38 1879 12953
[success] LeavesofGrass 浙江省杭州市 07-28 11:52 -> 黑龙江省海林市 07-28 22:46 1795 14021
[success] LeavesofGrass 浙江省杭州市 07-23 11:52 -> 福建省建阳市 07-23 21:14 1781 6199
[success] LeavesofGrass 浙江省平湖市 07-20 08:59 -> 浙江省杭州市 07-20 11:46 400 16446
---------------No. 1043----------------
1
puzzletheNewWorld 辽宁省辽阳市 06-22 13:05 -> 黑龙江省尚志市 06-22 20:04 805 46269
---------------No. 1044----------------
Gummy 古米 commerce.to@navigation.to 1
---------------No. 1045----------------
0
---------------No. 1046----------------
10717392
---------------No. 1047----------------
Executor 送葬人 history.of@all.hitherto 1
---------------No. 1048----------------
Myrrh 末药 Proletariat@From.the 3
---------------No. 1049----------------
3467640
---------------No. 1050----------------
Vermeil 红云 production@The.place 1
---------------No. 1051----------------
-1
---------------No. 1052----------------
1
puzzletheNewWorld 辽宁省辽阳市 06-19 13:05 -> 四川省绵竹市 06-20 14:44 1718 37061
---------------No. 1053----------------
queue
---------------No. 1054----------------
1
INSCRIPTIONS 黑龙江省五大连池市 07-14 19:22 -> 云南省安宁市 07-14 20:42 156 70655
---------------No. 1055----------------
-1
---------------No. 1056----------------
1
puzzletheNewWorld 辽宁省辽阳市 08-05 13:05 -> 北京市 08-06 02:45 964 46686
---------------No. 1057----------------
2562174
---------------No. 1058----------------
1
TOFOREIGNLANDS 海南省通什市 07-19 13:26 -> 甘肃省敦煌市 07-19 20:48 1040 92870
---------------No. 1059----------------
1
INSCRIPTIONS 黑龙江省五大连池市 08-14 19:22 -> 北京市 08-15 06:40 856 9637
---------------No. 1060----------------
4087650
---------------No. 1061----------------
10340112
---------------No. 1062----------------
1
LeavesofGrass 广东省花都市 07-25 01:43 -> 新疆伊宁市 07-25 08:52 827 45110
---------------No. 1063----------------
1
AndtodefineAmeric 山东省乐陵市 07-05 14:14 -> 江苏省吴江市 07-05 16:50 277 80198
---------------No. 1064----------------
2646727
---------------No. 1065----------------
-1
---------------No. 1066----------------
Pramanix 初雪 means.of.exchange@and.in 1
---------------No. 1067----------------
1
INSCRIPTIONS 黑龙江省五大连池市 08-17 19:22 -> 湖北省枣阳市 08-18 11:59 1544 40845
---------------No. 1068----------------
1
LeavesofGrass 陕西省安康市 07-03 17:25 -> 新疆博乐市 07-04 06:04 1699 4980
---------------No. 1069----------------
1
TOTHEEOLDCAUSE 新疆奎屯市 07-20 11:20 -> 湖北省麻城市 07-20 20:14 743 33971
---------------No. 1070----------------
0
---------------No. 1071----------------
Angelina 安洁莉 two.great.classes@directly.fac 1
---------------No. 1072----------------
-1
---------------No. 1073----------------
Savage 暴行 guilds.now@no.longer 2
---------------No. 1074----------------
1
LeavesofGrass 广东省四会市 07-06 15:39 -> 浙江省慈溪市 07-07 09:48 2899 2598
---------------No. 1075----------------
1
IHEARDthatyouask 天津市 08-06 06:35 -> 广东省云浮市 08-06 18:52 229 73237
---------------No. 1076----------------
-1
---------------No. 1077----------------
10
[success] INSCRIPTIONS 广东省惠阳市 07-12 01:41 -> 湖北省枣阳市 07-12 11:59 1099 7830
[success] INSCRIPTIONS 广东省惠阳市 07-25 01:41 -> 江苏省扬州市 07-25 08:14 611 3053
[success] LeavesofGrass 新疆塔城市 06-28 07:38 -> 广东省四会市 06-28 15:34 1098 3506
[success] LeavesofGrass 辽宁省抚顺市 07-23 14:24 -> 湖南省衡阳市 07-23 16:17 245 7244
[success] LeavesofGrass 福建省建阳市 07-07 21:19 -> 河南省灵宝市 07-07 23:39 514 6160
[success] LeavesofGrass 浙江省杭州市 07-25 11:52 -> 浙江省慈溪市 07-26 09:48 3306 2064
[success] INSCRIPTIONS 广东省高要市 08-02 21:40 -> 新疆米泉市 08-03 14:38 1414 1485
[success] INSCRIPTIONS 云南省安宁市 07-11 20:50 -> 广东省惠阳市 07-12 01:32 289 12298
[success] LeavesofGrass 陕西省安康市 07-01 17:25 -> 河北省河间市 07-01 18:01 25 6439
[success] LeavesofGrass 辽宁省抚顺市 07-27 14:24 -> 新疆伊宁市 07-28 08:52 2834 1108
---------------No. 1078----------------
-1
---------------No. 1079----------------
Broca 布洛 independent@urban.republic 1
---------------No. 1080----------------
Cutter 刻刀 antagonisms@Society.as 1
---------------No. 1081----------------
Indra 因陀罗 ruins.of.feudal@society.has 1
---------------No. 1082----------------
1
AndtodefineAmeric 山东省胶州市 08-01 12:18 -> 北京市 08-01 22:38 1716 80198
---------------No. 1083----------------
-1
---------------No. 1084----------------
-1
---------------No. 1085----------------
SilverAsh 银灰 feudal.lords@vassals.guildmast 1
---------------No. 1086----------------
8273642
---------------No. 1087----------------
1
TOTHEEOLDCAUSE 山东省聊城市 07-01 13:46 -> 河北省唐山市 07-01 15:26 143 33971
---------------No. 1088----------------
-1
---------------No. 1089----------------
queue
---------------No. 1090----------------
Shining 闪灵 the.Spectre@of.Communism 2
---------------No. 1091----------------
10542
---------------No. 1092----------------
1
INSCRIPTIONS 云南省安宁市 06-28 20:50 -> 湖北省枣阳市 06-29 11:59 1388 53237
---------------No. 1093----------------
1
whatyouwanted 广东省揭阳市 08-07 06:37 -> 四川省华蓥市 08-07 09:33 225 30519
---------------No. 1094----------------
1
LeavesofGrass 福建省建阳市 07-24 21:19 -> 新疆博乐市 07-25 06:04 1053 38393
---------------No. 1095----------------
19640200
---------------No. 1096----------------
8642645
---------------No. 1097----------------
2204865
---------------No. 1098----------------
Firewatch 守林人 opponents.in@power.Where 2
---------------No. 1099----------------
-1
---------------No. 1100----------------
-1
---------------No. 1101----------------
-1
---------------No. 1102----------------
Steward 史都华德 society.at@large.or 1
---------------No. 1103----------------
bye
